<?xml version="1.0" encoding="UTF-8" standalone="yes" ?>
<test-results name="D:\_Progs\02Business\DeepBase\Tests\DeepBaseTests.exe" total="5" errors="0" failures="0" ignored="0" inconclusive="0" not-run="0" skipped="0" invalid="0" date="2026-06-10" time="14:57:19">
  <culture-info current-culture="en" current-uiculture="en" />
  <test-suite type="Assembly" name="DeepBaseTests.exe" executed="true" result="Success" success="True" time="14:57:19" asserts="0">
    <results>
        <test-suite type="Namespace" name="Test" executed="true" result="Success" success="True" time="136.919" asserts="0" >
          <results>
              <test-suite type="Fixture" name="TCryptoPropertyTests" executed="True" result="Success" success="True" time="136.919" >
                <results>
                  <test-case name="Property7_EncryptIsNonDeterministic" executed="True" result="Success" success="True" time="91.913" asserts="0" />
                  <test-case name="Property8_EncryptDecryptRoundTrip" executed="True" result="Success" success="True" time="44.302" asserts="0" />
                  <test-case name="Property9_RandomIntNoModuloBias" executed="True" result="Success" success="True" time="0.015" asserts="0" />
                  <test-case name="Property10_DERParserLengthSafe" executed="True" result="Success" success="True" time="0.000" asserts="0" />
                  <test-case name="Property11_VerifyPasswordFormatValidation" executed="True" result="Success" success="True" time="0.689" asserts="0" />
                </results>
              </test-suite>
          </results>
        </test-suite>
    </results>
  </test-suite>
</test-results>
