<?xml version="1.0" encoding="UTF-8" standalone="yes" ?>
<test-results name="D:\_Progs\02Business\DeepBase\Tests\DeepBaseTests.exe" total="29" errors="0" failures="0" ignored="0" inconclusive="0" not-run="0" skipped="0" invalid="0" date="2026-06-10" time="09:23:21">
  <culture-info current-culture="en" current-uiculture="en" />
  <test-suite type="Assembly" name="DeepBaseTests.exe" executed="true" result="Success" success="True" time="09:23:21" asserts="0">
    <results>
        <test-suite type="Namespace" name="Test" executed="true" result="Success" success="True" time="0.004" asserts="0" >
          <results>
              <test-suite type="Namespace" name="Services" executed="true" result="Success" success="True" time="0.004" asserts="0" >
                <results>
                    <test-suite type="Namespace" name="HealthCheck" executed="true" result="Success" success="True" time="0.000" asserts="0" >
                      <results>
                          <test-suite type="Fixture" name="TTestHealthCheckResult" executed="True" result="Success" success="True" time="0.000" >
                            <results>
                              <test-case name="Test_DefaultValues" executed="True" result="Success" success="True" time="0.000" asserts="0" />
                              <test-case name="Test_StatusField_Assignable" executed="True" result="Success" success="True" time="0.000" asserts="0" />
                              <test-case name="Test_DescriptionField_Assignable" executed="True" result="Success" success="True" time="0.000" asserts="0" />
                              <test-case name="Test_DurationField_Assignable" executed="True" result="Success" success="True" time="0.000" asserts="0" />
                              <test-case name="Test_DataField_IsDictionary" executed="True" result="Success" success="True" time="0.000" asserts="0" />
                            </results>
                          </test-suite>
                          <test-suite type="Fixture" name="TTestHealthCheckService" executed="True" result="Success" success="True" time="0.000" >
                            <results>
                              <test-case name="Test_RegisterCheck_AddsCheck" executed="True" result="Success" success="True" time="0.000" asserts="0" />
                              <test-case name="Test_RegisterCheck_OverwriteSameName" executed="True" result="Success" success="True" time="0.000" asserts="0" />
                              <test-case name="Test_UnregisterCheck_RemovesCheck" executed="True" result="Success" success="True" time="0.000" asserts="0" />
                              <test-case name="Test_UnregisterCheck_NonExistent_NoError" executed="True" result="Success" success="True" time="0.000" asserts="0" />
                              <test-case name="Test_CheckHealth_RunsAllChecks" executed="True" result="Success" success="True" time="0.000" asserts="0" />
                              <test-case name="Test_CheckHealth_EmptyService_ReturnsEmpty" executed="True" result="Success" success="True" time="0.000" asserts="0" />
                              <test-case name="Test_CheckHealth_IncludesDuration" executed="True" result="Success" success="True" time="0.000" asserts="0" />
                              <test-case name="Test_CheckHealth_ExceptionInCheck_ReturnsUnhealthy" executed="True" result="Success" success="True" time="0.000" asserts="0" />
                              <test-case name="Test_GetOverallStatus_AllHealthy_ReturnsHealthy" executed="True" result="Success" success="True" time="0.000" asserts="0" />
                              <test-case name="Test_GetOverallStatus_OneUnhealthy_ReturnsUnhealthy" executed="True" result="Success" success="True" time="0.000" asserts="0" />
                              <test-case name="Test_GetOverallStatus_OneDegraded_ReturnsDegraded" executed="True" result="Success" success="True" time="0.000" asserts="0" />
                              <test-case name="Test_GetOverallStatus_NoChecks_ReturnsHealthy" executed="True" result="Success" success="True" time="0.000" asserts="0" />
                            </results>
                          </test-suite>
                          <test-suite type="Fixture" name="TTestHealthStatus" executed="True" result="Success" success="True" time="0.000" >
                            <results>
                              <test-case name="Test_EnumValues_Exist" executed="True" result="Success" success="True" time="0.000" asserts="0" />
                            </results>
                          </test-suite>
                          <test-suite type="Fixture" name="TTestMockHealthCheck" executed="True" result="Success" success="True" time="0.000" >
                            <results>
                              <test-case name="Test_GetName_ReturnsName" executed="True" result="Success" success="True" time="0.000" asserts="0" />
                              <test-case name="Test_Check_ReturnsHealthy" executed="True" result="Success" success="True" time="0.000" asserts="0" />
                              <test-case name="Test_Check_ReturnsUnhealthy" executed="True" result="Success" success="True" time="0.000" asserts="0" />
                              <test-case name="Test_Check_ReturnsDegraded" executed="True" result="Success" success="True" time="0.000" asserts="0" />
                            </results>
                          </test-suite>
                      </results>
                    </test-suite>
                    <test-suite type="Fixture" name="TTestServicesProtection" executed="True" result="Success" success="True" time="0.004" >
                      <results>
                        <test-case name="SetupDatabase_DelegatesToStorage" executed="True" result="Success" success="True" time="0.000" asserts="0" />
                        <test-case name="SaveSecureImage_DelegatesEncryptedPayloadAndHash" executed="True" result="Success" success="True" time="0.003" asserts="0" />
                        <test-case name="LoadSecureImage_DecryptsAndVerifiesIntegrity" executed="True" result="Success" success="True" time="0.001" asserts="0" />
                        <test-case name="SetupDatabase_WithoutStorageFactory_RaisesHelpfulError" executed="True" result="Success" success="True" time="0.000" asserts="0" />
                      </results>
                    </test-suite>
                    <test-suite type="Fixture" name="TTestServicesRegistration" executed="True" result="Success" success="True" time="0.000" >
                      <results>
                        <test-case name="RegisterDefaultRuntimeComponents_IsSideEffectFree" executed="True" result="Success" success="True" time="0.000" asserts="0" />
                        <test-case name="RegisterDefaultRuntimeComponents_UsesDeterministicLifecycleOrder" executed="True" result="Success" success="True" time="0.000" asserts="0" />
                        <test-case name="RegisterDefaultRuntimeComponents_CanExcludeManager" executed="True" result="Success" success="True" time="0.000" asserts="0" />
                      </results>
                    </test-suite>
                </results>
              </test-suite>
          </results>
        </test-suite>
    </results>
  </test-suite>
</test-results>
