<?xml version="1.0" encoding="UTF-8" standalone="yes" ?>
<test-results name="D:\_Progs\02Business\DeepBase\Tests\DeepBaseTests.exe" total="16" errors="0" failures="0" ignored="0" inconclusive="0" not-run="0" skipped="0" invalid="0" date="2026-06-17" time="21:02:13">
  <culture-info current-culture="en" current-uiculture="en" />
  <test-suite type="Assembly" name="DeepBaseTests.exe" executed="true" result="Success" success="True" time="21:02:13" asserts="0">
    <results>
        <test-suite type="Namespace" name="Test" executed="true" result="Success" success="True" time="0.070" asserts="0" >
          <results>
              <test-suite type="Fixture" name="TTestDeepBaseLicense" executed="True" result="Success" success="True" time="0.070" >
                <results>
                  <test-case name="Test_GetDeviceId_NotEmpty" executed="True" result="Success" success="True" time="0.001" asserts="0" />
                  <test-case name="Test_GetDeviceId_Consistent" executed="True" result="Success" success="True" time="0.001" asserts="0" />
                  <test-case name="Test_ValidateLicense_EmptyKey_Invalid" executed="True" result="Success" success="True" time="0.000" asserts="0" />
                  <test-case name="Test_ValidateLicense_InvalidFormat" executed="True" result="Success" success="True" time="0.000" asserts="0" />
                  <test-case name="Test_GenerateLicenseKey_ValidFormat" executed="True" result="Success" success="True" time="0.000" asserts="0" />
                  <test-case name="Test_GenerateLicenseKey_CanBeValidated" executed="True" result="Success" success="True" time="0.001" asserts="0" />
                  <test-case name="Test_LicenseInfo_DefaultValues" executed="True" result="Success" success="True" time="0.000" asserts="0" />
                  <test-case name="Test_LicenseType_Trial" executed="True" result="Success" success="True" time="0.000" asserts="0" />
                  <test-case name="Test_LicenseType_Standard" executed="True" result="Success" success="True" time="0.000" asserts="0" />
                  <test-case name="Test_LicenseType_Pro" executed="True" result="Success" success="True" time="0.000" asserts="0" />
                  <test-case name="Test_LicenseType_Enterprise" executed="True" result="Success" success="True" time="0.000" asserts="0" />
                  <test-case name="Test_ExpiredLicense_Detected" executed="True" result="Success" success="True" time="0.000" asserts="0" />
                  <test-case name="Test_ActivateLicense_ValidKey" executed="True" result="Success" success="True" time="0.004" asserts="0" />
                  <test-case name="Test_DeactivateLicense" executed="True" result="Success" success="True" time="0.001" asserts="0" />
                  <test-case name="Test_CurrentLicenseInfo" executed="True" result="Success" success="True" time="0.001" asserts="0" />
                  <test-case name="Test_StorageInjection_BasicFlow" executed="True" result="Success" success="True" time="0.001" asserts="0" />
                </results>
              </test-suite>
          </results>
        </test-suite>
    </results>
  </test-suite>
</test-results>
