<?xml version="1.0" encoding="UTF-8" standalone="yes" ?>
<test-results name="D:\_Progs\02Business\DeepBase\Tests\DeepBaseTests.exe" total="9" errors="0" failures="0" ignored="0" inconclusive="0" not-run="0" skipped="0" invalid="0" date="2026-06-11" time="09:55:13">
  <culture-info current-culture="en" current-uiculture="en" />
  <test-suite type="Assembly" name="DeepBaseTests.exe" executed="true" result="Success" success="True" time="09:55:13" asserts="0">
    <results>
        <test-suite type="Namespace" name="Test" executed="true" result="Success" success="True" time="0.794" asserts="0" >
          <results>
              <test-suite type="Namespace" name="IntentClarification" executed="true" result="Success" success="True" time="0.794" asserts="0" >
                <results>
                    <test-suite type="Fixture" name="TICEngineConcurrentPropertyTests" executed="True" result="Success" success="True" time="0.257" >
                      <results>
                        <test-case name="Property7_ConcurrentSubmitInputSerializesTurns" executed="True" result="Success" success="True" time="0.148" asserts="0" />
                        <test-case name="Property7_HelperMirror_LockSerializationCount" executed="True" result="Success" success="True" time="0.110" asserts="0" />
                      </results>
                    </test-suite>
                    <test-suite type="Fixture" name="TICRound2PropertyTests" executed="True" result="Success" success="True" time="0.537" >
                      <results>
                        <test-case name="Property26_L2_DenyHypothesisIsolation" executed="True" result="Success" success="True" time="0.101" asserts="0" />
                        <test-case name="Property26_L3_ExpertSelectionIsolation" executed="True" result="Success" success="True" time="0.040" asserts="0" />
                        <test-case name="Property27_FromJsonMalformedReturnsErrorResult" executed="True" result="Success" success="True" time="0.020" asserts="0" />
                        <test-case name="Property28_HelperMirror_FindProviderDegradationChain" executed="True" result="Success" success="True" time="0.000" asserts="0" />
                        <test-case name="Property29_AnticipationCounterAtomic" executed="True" result="Success" success="True" time="0.139" asserts="0" />
                        <test-case name="Property29_MetricsCounterAtomic" executed="True" result="Success" success="True" time="0.236" asserts="0" />
                        <test-case name="Property30_HelperMirror_TurnRecordCompleteness" executed="True" result="Success" success="True" time="0.000" asserts="0" />
                      </results>
                    </test-suite>
                </results>
              </test-suite>
          </results>
        </test-suite>
    </results>
  </test-suite>
</test-results>
