<?xml version="1.0" encoding="UTF-8" standalone="yes" ?>
<test-results name="D:\_Progs\02Business\DeepBase\Tests\DeepBaseTests.exe" total="4" errors="0" failures="0" ignored="0" inconclusive="0" not-run="0" skipped="0" invalid="0" date="2026-09-02" time="16:08:34">
  <culture-info current-culture="en" current-uiculture="en" />
  <test-suite type="Assembly" name="DeepBaseTests.exe" executed="true" result="Success" success="True" time="16:08:34" asserts="0">
    <results>
        <test-suite type="Namespace" name="Test" executed="true" result="Success" success="True" time="2.037" asserts="0" >
          <results>
              <test-suite type="Fixture" name="TBUG326_SchedulerCallbackSafetyTest" executed="True" result="Success" success="True" time="2.037" >
                <categories>
                  <category name="regression" />
                </categories>
                <results>
                  <test-case name="Test_OnCompleteRaises_TaskStillCompleted" executed="True" result="Success" success="True" time="0.501" asserts="0" >
                    <categories>
                      <category name="regression" />
                    </categories>
                  </test-case>
                  <test-case name="Test_OnErrorRaises_TaskStillFailed" executed="True" result="Success" success="True" time="0.511" asserts="0" >
                    <categories>
                      <category name="regression" />
                    </categories>
                  </test-case>
                  <test-case name="Test_OnCompleteRaises_RunningTasksCorrect" executed="True" result="Success" success="True" time="0.511" asserts="0" >
                    <categories>
                      <category name="regression" />
                    </categories>
                  </test-case>
                  <test-case name="Test_OnCompleted_CleanupDuringCallback_TaskRefSafe" executed="True" result="Success" success="True" time="0.514" asserts="0" >
                    <categories>
                      <category name="regression" />
                    </categories>
                  </test-case>
                </results>
              </test-suite>
          </results>
        </test-suite>
    </results>
  </test-suite>
</test-results>
