<?xml version="1.0" encoding="UTF-8" standalone="yes" ?>
<test-results name="D:\_Progs\02Business\DeepBase\Tests\DeepBaseTests.exe" total="7" errors="0" failures="0" ignored="0" inconclusive="0" not-run="0" skipped="0" invalid="0" date="2026-09-02" time="16:08:38">
  <culture-info current-culture="en" current-uiculture="en" />
  <test-suite type="Assembly" name="DeepBaseTests.exe" executed="true" result="Success" success="True" time="16:08:38" asserts="0">
    <results>
        <test-suite type="Namespace" name="Test" executed="true" result="Success" success="True" time="0.006" asserts="0" >
          <results>
              <test-suite type="Fixture" name="TBUG332_WeChatSchemaRegistryResolveTest" executed="True" result="Success" success="True" time="0.006" >
                <categories>
                  <category name="regression" />
                </categories>
                <results>
                  <test-case name="Test_WeChat39x_FingerprintPrefixValid" executed="True" result="Success" success="True" time="0.000" asserts="0" >
                    <categories>
                      <category name="regression" />
                    </categories>
                  </test-case>
                  <test-case name="Test_WeChat4x_FingerprintPrefixValid" executed="True" result="Success" success="True" time="0.000" asserts="0" >
                    <categories>
                      <category name="regression" />
                    </categories>
                  </test-case>
                  <test-case name="Test_WeChat39x_FingerprintMatch" executed="True" result="Success" success="True" time="0.000" asserts="0" >
                    <categories>
                      <category name="regression" />
                    </categories>
                  </test-case>
                  <test-case name="Test_WeChat4x_FingerprintMatch" executed="True" result="Success" success="True" time="0.000" asserts="0" >
                    <categories>
                      <category name="regression" />
                    </categories>
                  </test-case>
                  <test-case name="Test_Adapter_Reject_NonMatching" executed="True" result="Success" success="True" time="0.000" asserts="0" >
                    <categories>
                      <category name="regression" />
                    </categories>
                  </test-case>
                  <test-case name="Test_InvalidHexPrefix_RaisesOnValidate" executed="True" result="Success" success="True" time="0.002" asserts="0" >
                    <categories>
                      <category name="regression" />
                    </categories>
                  </test-case>
                  <test-case name="Test_WeChat4x_NoPrefixUntilDataDump" executed="True" result="Success" success="True" time="0.001" asserts="0" >
                    <categories>
                      <category name="regression" />
                    </categories>
                  </test-case>
                </results>
              </test-suite>
          </results>
        </test-suite>
    </results>
  </test-suite>
</test-results>
