<?xml version="1.0" encoding="UTF-8" standalone="yes" ?>
<test-results name="D:\_Progs\02Business\DeepBase\Tests\DeepBaseTests.exe" total="118" errors="0" failures="0" ignored="0" inconclusive="0" not-run="0" skipped="0" invalid="0" date="2026-06-10" time="09:23:12">
  <culture-info current-culture="en" current-uiculture="en" />
  <test-suite type="Assembly" name="DeepBaseTests.exe" executed="true" result="Success" success="True" time="09:23:12" asserts="0">
    <results>
        <test-suite type="Namespace" name="Test" executed="true" result="Success" success="True" time="6.520" asserts="0" >
          <results>
              <test-suite type="Namespace" name="DeepBase" executed="true" result="Success" success="True" time="6.520" asserts="0" >
                <results>
                    <test-suite type="Fixture" name="TAuthorizationTests" executed="True" result="Success" success="True" time="0.001" >
                      <results>
                        <test-case name="Test_CreateUser_Success" executed="True" result="Success" success="True" time="0.000" asserts="0" />
                        <test-case name="Test_CreateUser_Duplicate_Fails" executed="True" result="Success" success="True" time="0.000" asserts="0" />
                        <test-case name="Test_GetUser_Exists" executed="True" result="Success" success="True" time="0.000" asserts="0" />
                        <test-case name="Test_GetUser_NotExists_ReturnsNil" executed="True" result="Success" success="True" time="0.000" asserts="0" />
                        <test-case name="Test_DeleteUser_Success" executed="True" result="Success" success="True" time="0.000" asserts="0" />
                        <test-case name="Test_DeleteUser_NotExists_Raises" executed="True" result="Success" success="True" time="0.000" asserts="0" />
                        <test-case name="Test_CreateRole_Success" executed="True" result="Success" success="True" time="0.000" asserts="0" />
                        <test-case name="Test_CreateRole_Duplicate_Fails" executed="True" result="Success" success="True" time="0.000" asserts="0" />
                        <test-case name="Test_DeleteRole_Success" executed="True" result="Success" success="True" time="0.000" asserts="0" />
                        <test-case name="Test_GrantPermission_Success" executed="True" result="Success" success="True" time="0.000" asserts="0" />
                        <test-case name="Test_RevokePermission_Success" executed="True" result="Success" success="True" time="0.000" asserts="0" />
                        <test-case name="Test_HasPermission_Direct" executed="True" result="Success" success="True" time="0.000" asserts="0" />
                        <test-case name="Test_HasPermission_NoPermission" executed="True" result="Success" success="True" time="0.000" asserts="0" />
                        <test-case name="Test_AssignRole_Success" executed="True" result="Success" success="True" time="0.000" asserts="0" />
                        <test-case name="Test_RemoveRole_Success" executed="True" result="Success" success="True" time="0.000" asserts="0" />
                        <test-case name="Test_UserHasRole" executed="True" result="Success" success="True" time="0.000" asserts="0" />
                        <test-case name="Test_HasPermission_FromRole" executed="True" result="Success" success="True" time="0.000" asserts="0" />
                        <test-case name="Test_HasPermission_FromParentRole" executed="True" result="Success" success="True" time="0.000" asserts="0" />
                        <test-case name="Test_HasAnyPermission" executed="True" result="Success" success="True" time="0.000" asserts="0" />
                        <test-case name="Test_HasAllPermissions" executed="True" result="Success" success="True" time="0.000" asserts="0" />
                        <test-case name="Test_SetCurrentUser_Success" executed="True" result="Success" success="True" time="0.000" asserts="0" />
                        <test-case name="Test_CurrentUserCan_HasPermission" executed="True" result="Success" success="True" time="0.000" asserts="0" />
                        <test-case name="Test_CurrentUserCan_NoPermission" executed="True" result="Success" success="True" time="0.000" asserts="0" />
                        <test-case name="Test_RequirePermission_Success" executed="True" result="Success" success="True" time="0.000" asserts="0" />
                        <test-case name="Test_RequirePermission_Denied" executed="True" result="Success" success="True" time="0.000" asserts="0" />
                        <test-case name="Test_AuditLog_UserCreated" executed="True" result="Success" success="True" time="0.000" asserts="0" />
                        <test-case name="Test_AuditLog_PermissionDenied" executed="True" result="Success" success="True" time="0.000" asserts="0" />
                        <test-case name="Test_GetAuditLog" executed="True" result="Success" success="True" time="0.000" asserts="0" />
                        <test-case name="Test_StorageInjection_BasicFlow" executed="True" result="Success" success="True" time="0.000" asserts="0" />
                      </results>
                    </test-suite>
                    <test-suite type="Namespace" name="KeyManager" executed="true" result="Success" success="True" time="6.404" asserts="0" >
                      <results>
                          <test-suite type="Fixture" name="TTestDataKey" executed="True" result="Success" success="True" time="0.000" >
                            <results>
                              <test-case name="Test_Create_Defaults" executed="True" result="Success" success="True" time="0.000" asserts="0" />
                              <test-case name="Test_Generate_Length" executed="True" result="Success" success="True" time="0.000" asserts="0" />
                              <test-case name="Test_EncryptDecrypt_RoundTrip" executed="True" result="Success" success="True" time="0.000" asserts="0" />
                              <test-case name="Test_Rotate_IncrementsVersion" executed="True" result="Success" success="True" time="0.000" asserts="0" />
                            </results>
                          </test-suite>
                          <test-suite type="Fixture" name="TTestHardwareFingerprint" executed="True" result="Success" success="True" time="0.000" >
                            <results>
                              <test-case name="Test_Collect_NotEmpty" executed="True" result="Success" success="True" time="0.000" asserts="0" />
                              <test-case name="Test_ToHash_StableForSameData" executed="True" result="Success" success="True" time="0.000" asserts="0" />
                              <test-case name="Test_Matches_Same" executed="True" result="Success" success="True" time="0.000" asserts="0" />
                              <test-case name="Test_Matches_Partial" executed="True" result="Success" success="True" time="0.000" asserts="0" />
                            </results>
                          </test-suite>
                          <test-suite type="Fixture" name="TTestKeyDerivationParams" executed="True" result="Success" success="True" time="0.000" >
                            <results>
                              <test-case name="Test_Default_Params" executed="True" result="Success" success="True" time="0.000" asserts="0" />
                              <test-case name="Test_High_Params" executed="True" result="Success" success="True" time="0.000" asserts="0" />
                            </results>
                          </test-suite>
                          <test-suite type="Fixture" name="TTestKeyEnums" executed="True" result="Success" success="True" time="0.000" >
                            <results>
                              <test-case name="Test_KeyPurpose_Ordinals" executed="True" result="Success" success="True" time="0.000" asserts="0" />
                              <test-case name="Test_KeyStatus_Ordinals" executed="True" result="Success" success="True" time="0.000" asserts="0" />
                              <test-case name="Test_KeyPurposeToStr" executed="True" result="Success" success="True" time="0.000" asserts="0" />
                              <test-case name="Test_KeyStatusToStr" executed="True" result="Success" success="True" time="0.000" asserts="0" />
                            </results>
                          </test-suite>
                          <test-suite type="Fixture" name="TTestKeyInfoHelpers" executed="True" result="Success" success="True" time="0.000" >
                            <results>
                              <test-case name="Test_IsExpired_FalseWhenNoExpiry" executed="True" result="Success" success="True" time="0.000" asserts="0" />
                              <test-case name="Test_IsExpired_TrueWhenPast" executed="True" result="Success" success="True" time="0.000" asserts="0" />
                              <test-case name="Test_DaysUntilExpiry_NoExpiry" executed="True" result="Success" success="True" time="0.000" asserts="0" />
                              <test-case name="Test_DaysUntilExpiry_Positive" executed="True" result="Success" success="True" time="0.000" asserts="0" />
                            </results>
                          </test-suite>
                          <test-suite type="Fixture" name="TTestKeyManager" executed="True" result="Success" success="True" time="3.099" >
                            <results>
                              <test-case name="Test_Initialize_And_IsUnlocked" executed="True" result="Success" success="True" time="0.000" asserts="0" />
                              <test-case name="Test_CreateDataKey_And_GetDataKey" executed="True" result="Success" success="True" time="0.001" asserts="0" />
                              <test-case name="Test_EncryptDecrypt_String" executed="True" result="Success" success="True" time="0.002" asserts="0" />
                              <test-case name="Test_EncryptDecrypt_Config" executed="True" result="Success" success="True" time="0.000" asserts="0" />
                              <test-case name="Test_GetAllKeyInfo_NotEmpty" executed="True" result="Success" success="True" time="0.000" asserts="0" />
                              <test-case name="Test_GetExpiringKeys" executed="True" result="Success" success="True" time="0.000" asserts="0" />
                              <test-case name="Test_ValidateHardwareBinding" executed="True" result="Success" success="True" time="0.927" asserts="0" />
                              <test-case name="Test_GetMachineFingerprint_NotEmpty" executed="True" result="Success" success="True" time="0.000" asserts="0" />
                            </results>
                          </test-suite>
                          <test-suite type="Fixture" name="TTestKeyStore" executed="True" result="Success" success="True" time="1.748" >
                            <results>
                              <test-case name="Test_Initialize_LoadsOrCreatesFile" executed="True" result="Success" success="True" time="0.001" asserts="0" />
                              <test-case name="Test_CreateKey_And_GetKey" executed="True" result="Success" success="True" time="0.001" asserts="0" />
                              <test-case name="Test_GetActiveKey_CreatesWhenMissing" executed="True" result="Success" success="True" time="0.002" asserts="0" />
                              <test-case name="Test_RotateKey_ChangesVersion" executed="True" result="Success" success="True" time="0.002" asserts="0" />
                              <test-case name="Test_RevokeKey_ChangesStatus" executed="True" result="Success" success="True" time="0.003" asserts="0" />
                              <test-case name="Test_SaveAndLoad_PersistsKeys" executed="True" result="Success" success="True" time="0.272" asserts="0" />
                            </results>
                          </test-suite>
                          <test-suite type="Fixture" name="TTestMasterKey" executed="True" result="Success" success="True" time="1.556" >
                            <results>
                              <test-case name="Test_DeriveFromPassword_SetsKeyData" executed="True" result="Success" success="True" time="0.260" asserts="0" />
                              <test-case name="Test_DeriveWithHardwareBinding_SetsFingerprint" executed="True" result="Success" success="True" time="1.041" asserts="0" />
                              <test-case name="Test_Lock_ClearsKey" executed="True" result="Success" success="True" time="0.255" asserts="0" />
                              <test-case name="Test_GetKeyData_RaisesWhenLocked.LockedRaises" executed="True" result="Success" success="True" time="0.000" asserts="0" />
                            </results>
                          </test-suite>
                      </results>
                    </test-suite>
                    <test-suite type="Fixture" name="TTestDeepBaseLicense" executed="True" result="Success" success="True" time="0.067" >
                      <results>
                        <test-case name="Test_GetDeviceId_NotEmpty" executed="True" result="Success" success="True" time="0.000" asserts="0" />
                        <test-case name="Test_GetDeviceId_Consistent" executed="True" result="Success" success="True" time="0.000" asserts="0" />
                        <test-case name="Test_ValidateLicense_EmptyKey_Invalid" executed="True" result="Success" success="True" time="0.000" asserts="0" />
                        <test-case name="Test_ValidateLicense_InvalidFormat" executed="True" result="Success" success="True" time="0.000" asserts="0" />
                        <test-case name="Test_GenerateLicenseKey_ValidFormat" executed="True" result="Success" success="True" time="0.000" asserts="0" />
                        <test-case name="Test_GenerateLicenseKey_CanBeValidated" executed="True" result="Success" success="True" time="0.000" asserts="0" />
                        <test-case name="Test_LicenseInfo_DefaultValues" executed="True" result="Success" success="True" time="0.000" asserts="0" />
                        <test-case name="Test_LicenseType_Trial" executed="True" result="Success" success="True" time="0.000" asserts="0" />
                        <test-case name="Test_LicenseType_Standard" executed="True" result="Success" success="True" time="0.000" asserts="0" />
                        <test-case name="Test_LicenseType_Pro" executed="True" result="Success" success="True" time="0.000" asserts="0" />
                        <test-case name="Test_LicenseType_Enterprise" executed="True" result="Success" success="True" time="0.000" asserts="0" />
                        <test-case name="Test_ExpiredLicense_Detected" executed="True" result="Success" success="True" time="0.000" asserts="0" />
                        <test-case name="Test_ActivateLicense_ValidKey" executed="True" result="Success" success="True" time="0.008" asserts="0" />
                        <test-case name="Test_DeactivateLicense" executed="True" result="Success" success="True" time="0.000" asserts="0" />
                        <test-case name="Test_CurrentLicenseInfo" executed="True" result="Success" success="True" time="0.001" asserts="0" />
                        <test-case name="Test_StorageInjection_BasicFlow" executed="True" result="Success" success="True" time="0.001" asserts="0" />
                      </results>
                    </test-suite>
                    <test-suite type="Fixture" name="TTestBasicProtection" executed="True" result="Success" success="True" time="0.011" >
                      <results>
                        <test-case name="EncryptDecryptSensitive_Roundtrip_SimpleText" executed="True" result="Success" success="True" time="0.000" asserts="0" />
                        <test-case name="EncryptDecryptSensitive_Roundtrip_Unicode" executed="True" result="Success" success="True" time="0.000" asserts="0" />
                        <test-case name="EncryptSensitive_SameInput_ProducesDifferentCiphertext" executed="True" result="Success" success="True" time="0.000" asserts="0" />
                        <test-case name="EncryptSensitive_UsesGcmTextFormat" executed="True" result="Success" success="True" time="0.000" asserts="0" />
                        <test-case name="EncryptDecryptBinary_Roundtrip" executed="True" result="Success" success="True" time="0.000" asserts="0" />
                        <test-case name="EncryptBinary_UsesGcmEnvelope" executed="True" result="Success" success="True" time="0.000" asserts="0" />
                        <test-case name="DecryptSensitive_WithWrongPassword_RaisesException" executed="True" result="Success" success="True" time="0.000" asserts="0" />
                        <test-case name="DecryptSensitive_TamperedGcmPayload_RaisesException" executed="True" result="Success" success="True" time="0.000" asserts="0" />
                        <test-case name="DecryptBinary_TamperedGcmPayload_RaisesException" executed="True" result="Success" success="True" time="0.000" asserts="0" />
                        <test-case name="DecryptSensitive_LegacyCbcPayload_Roundtrip" executed="True" result="Success" success="True" time="0.002" asserts="0" />
                        <test-case name="DecryptBinary_LegacyCbcPayload_Roundtrip" executed="True" result="Success" success="True" time="0.001" asserts="0" />
                        <test-case name="CalculateHMAC_And_VerifyDataIntegrity_ReturnsTrue" executed="True" result="Success" success="True" time="0.000" asserts="0" />
                        <test-case name="CalculateHMAC_UsesStandardHmacSha256Vector" executed="True" result="Success" success="True" time="0.000" asserts="0" />
                        <test-case name="CalculateHMAC_EmptyPassword_RaisesMissingConfiguration" executed="True" result="Success" success="True" time="0.000" asserts="0" />
                        <test-case name="VerifyDataIntegrity_ReturnsFalse_WhenDataTampered" executed="True" result="Success" success="True" time="0.000" asserts="0" />
                        <test-case name="CalculateFileHash_FileNotFound_RaisesException" executed="True" result="Success" success="True" time="0.000" asserts="0" />
                        <test-case name="CalculateFileHash_FileHashChanges_WhenContentChanges" executed="True" result="Success" success="True" time="0.006" asserts="0" />
                        <test-case name="CalculateDataHash_IsStableAndDistinct" executed="True" result="Success" success="True" time="0.000" asserts="0" />
                      </results>
                    </test-suite>
                    <test-suite type="Fixture" name="TTestDeepBaseSecurity" executed="True" result="Success" success="True" time="0.037" >
                      <results>
                        <test-case name="Test_ProtectUnprotect_SimpleString" executed="True" result="Success" success="True" time="0.000" asserts="0" />
                        <test-case name="Test_ProtectUnprotect_EmptyString" executed="True" result="Success" success="True" time="0.000" asserts="0" />
                        <test-case name="Test_ProtectUnprotect_UnicodeString" executed="True" result="Success" success="True" time="0.001" asserts="0" />
                        <test-case name="Test_ProtectUnprotect_SpecialChars" executed="True" result="Success" success="True" time="0.001" asserts="0" />
                        <test-case name="Test_ProtectUnprotect_LongString" executed="True" result="Success" success="True" time="0.005" asserts="0" />
                        <test-case name="Test_SaveAndLoadSecret" executed="True" result="Success" success="True" time="0.003" asserts="0" />
                        <test-case name="Test_SecretExists_True" executed="True" result="Success" success="True" time="0.001" asserts="0" />
                        <test-case name="Test_SecretExists_False" executed="True" result="Success" success="True" time="0.002" asserts="0" />
                        <test-case name="Test_DeleteSecret" executed="True" result="Success" success="True" time="0.001" asserts="0" />
                        <test-case name="Test_LoadSecret_NotFound" executed="True" result="Success" success="True" time="0.000" asserts="0" />
                        <test-case name="Test_GetSecretNames" executed="True" result="Success" success="True" time="0.003" asserts="0" />
                        <test-case name="Test_SaveSecret_UpdateExisting" executed="True" result="Success" success="True" time="0.002" asserts="0" />
                        <test-case name="Test_GlobalLoadSaveSecret" executed="True" result="Success" success="True" time="0.002" asserts="0" />
                        <test-case name="Test_SecureZeroMemory_Bytes" executed="True" result="Success" success="True" time="0.000" asserts="0" />
                        <test-case name="Test_SecureZeroMemory_String" executed="True" result="Success" success="True" time="0.000" asserts="0" />
                        <test-case name="Test_TamperDetection_ModifiedByte" executed="True" result="Success" success="True" time="0.002" asserts="0" />
                        <test-case name="Test_TamperDetection_TruncatedData" executed="True" result="Success" success="True" time="0.000" asserts="0" />
                        <test-case name="Test_TamperDetection_InvalidHeader" executed="True" result="Success" success="True" time="0.000" asserts="0" />
                        <test-case name="Test_DifferentEncryptions_DifferentOutput" executed="True" result="Success" success="True" time="0.000" asserts="0" />
                      </results>
                    </test-suite>
                </results>
              </test-suite>
          </results>
        </test-suite>
    </results>
  </test-suite>
</test-results>
