<?xml version="1.0" encoding="UTF-8" standalone="yes" ?>
<test-results name="D:\_Progs\02Business\DeepBase\Tests\DeepBaseTests.exe" total="70" errors="0" failures="1" ignored="0" inconclusive="0" not-run="0" skipped="0" invalid="0" date="2026-06-11" time="11:06:49">
  <culture-info current-culture="en" current-uiculture="en" />
  <test-suite type="Assembly" name="DeepBaseTests.exe" executed="true" result="Failure" success="False" time="11:06:49" asserts="0">
    <results>
        <test-suite type="Namespace" name="Test" executed="true" result="Failure" success="False" time="0.380" asserts="0" >
          <results>
              <test-suite type="Fixture" name="TPackageBoundaryTests" executed="True" result="Failure" success="False" time="0.353" >
                <categories>
                  <category name="Architecture" />
                </categories>
                <results>
                  <test-case name="CorePackage_DoesNotRequireUiOrDesignPackages" executed="True" result="Success" success="True" time="0.002" asserts="0" >
                    <categories>
                      <category name="Architecture" />
                    </categories>
                  </test-case>
                  <test-case name="CorePackage_DoesNotContainUiUnits" executed="True" result="Success" success="True" time="0.001" asserts="0" >
                    <categories>
                      <category name="Architecture" />
                    </categories>
                  </test-case>
                  <test-case name="CorePackage_DoesNotContainOptionalFeatureUnits" executed="True" result="Success" success="True" time="0.001" asserts="0" >
                    <categories>
                      <category name="Architecture" />
                    </categories>
                  </test-case>
                  <test-case name="ServicesPackage_DoesNotRequireUiOrDesignPackages" executed="True" result="Success" success="True" time="0.001" asserts="0" >
                    <categories>
                      <category name="Architecture" />
                    </categories>
                  </test-case>
                  <test-case name="ServicesPackage_TracksKnownBoundaryViolations" executed="True" result="Success" success="True" time="0.001" asserts="0" >
                    <categories>
                      <category name="Architecture.KnownDebt" />
                    </categories>
                  </test-case>
                  <test-case name="ServicesProject_DoesNotReferenceUiOrDbRuntime" executed="True" result="Success" success="True" time="0.001" asserts="0" >
                    <categories>
                      <category name="Architecture" />
                    </categories>
                  </test-case>
                  <test-case name="FeaturesPackage_ContainsOptionalFeatureUnits" executed="True" result="Success" success="True" time="0.003" asserts="0" >
                    <categories>
                      <category name="Architecture" />
                    </categories>
                  </test-case>
                  <test-case name="FeaturesPackage_ContainsIntentClarificationPhase2Units" executed="True" result="Success" success="True" time="0.004" asserts="0" >
                    <categories>
                      <category name="Architecture" />
                    </categories>
                  </test-case>
                  <test-case name="FeaturesSource_OptionalFeatureImplementationsLiveUnderFeatures" executed="True" result="Success" success="True" time="0.004" asserts="0" >
                    <categories>
                      <category name="Architecture" />
                    </categories>
                  </test-case>
                  <test-case name="PersistencePackage_ExposesSQLiteAndPostgreSQLRuntime" executed="True" result="Success" success="True" time="0.002" asserts="0" >
                    <categories>
                      <category name="Architecture" />
                    </categories>
                  </test-case>
                  <test-case name="PersistenceSource_DatabaseImplementationsLiveUnderPersistence" executed="True" result="Success" success="True" time="0.003" asserts="0" >
                    <categories>
                      <category name="Architecture" />
                    </categories>
                  </test-case>
                  <test-case name="LayerScript_TracksFireDacOutsidePersistenceDebt" executed="True" result="Success" success="True" time="0.003" asserts="0" >
                    <categories>
                      <category name="Architecture" />
                    </categories>
                  </test-case>
                  <test-case name="TestRunner_UsesWin64CompilerOnly" executed="True" result="Success" success="True" time="0.001" asserts="0" >
                    <categories>
                      <category name="Architecture" />
                    </categories>
                  </test-case>
                  <test-case name="RuntimePackages_DoNotContainTestHelperUnits" executed="True" result="Success" success="True" time="0.009" asserts="0" >
                    <categories>
                      <category name="Architecture" />
                    </categories>
                  </test-case>
                  <test-case name="SourceDirectories_DoNotContainDcuArtifacts" executed="True" result="Failure" success="False" time="0.009" asserts="0" >
                    <categories>
                      <category name="Architecture" />
                    </categories>
                    <failure>
                      <message>
                        <![CDATA[ Condition is False when True expected. [Source directories must not contain .dcu artifacts:
D:\_Progs\02Business\DeepBase\Core\DeepBase.Config.dcu
D:\_Progs\02Business\DeepBase\Core\DeepBase.Constants.dcu
D:\_Progs\02Business\DeepBase\Core\DeepBase.Consts.dcu
D:\_Progs\02Business\DeepBase\Core\DeepBase.Crypto.dcu
D:\_Progs\02Business\DeepBase\Core\DeepBase.Exception.dcu
D:\_Progs\02Business\DeepBase\Core\DeepBase.Exceptions.dcu
D:\_Progs\02Business\DeepBase\Core\DeepBase.FormState.dcu
D:\_Progs\02Business\DeepBase\Core\DeepBase.Hotkeys.dcu
D:\_Progs\02Business\DeepBase\Core\DeepBase.i18n.dcu
D:\_Progs\02Business\DeepBase\Core\DeepBase.i18n.Plural.dcu
D:\_Progs\02Business\DeepBase\Core\DeepBase.Interfaces.dcu
D:\_Progs\02Business\DeepBase\Core\DeepBase.Logging.dcu
D:\_Progs\02Business\DeepBase\Core\DeepBase.Manager.dcu
D:\_Progs\02Business\DeepBase\Core\DeepBase.Manager.Operational.dcu
D:\_Progs\02Business\DeepBase\Core\DeepBase.Manager.Schema.dcu
D:\_Progs\02Business\DeepBase\Core\DeepBase.MRU.dcu
D:\_Progs\02Business\DeepBase\Core\DeepBase.Plugin.dcu
D:\_Progs\02Business\DeepBase\Core\DeepBase.PluginManager.dcu
D:\_Progs\02Business\DeepBase\Core\DeepBase.RuntimeContext.dcu
D:\_Progs\02Business\DeepBase\Core\DeepBase.Schema.dcu
D:\_Progs\02Business\DeepBase\Core\DeepBase.Security.dcu
D:\_Progs\02Business\DeepBase\Core\DeepBase.Security.DPAPI.dcu
D:\_Progs\02Business\DeepBase\Core\DeepBase.SQL.Splitter.dcu
D:\_Progs\02Business\DeepBase\Core\DeepBase.SQL.Utils.dcu
D:\_Progs\02Business\DeepBase\Core\DeepBase.Storage.Interfaces.dcu
D:\_Progs\02Business\DeepBase\Core\DeepBase.Theme.dcu
D:\_Progs\02Business\DeepBase\Core\DeepBase.Types.dcu
D:\_Progs\02Business\DeepBase\Persistence\DeepBase.DB.DoQry.dcu
D:\_Progs\02Business\DeepBase\Persistence\DeepBase.DB.Factory.dcu
D:\_Progs\02Business\DeepBase\Persistence\DeepBase.DB.Guardian.dcu
D:\_Progs\02Business\DeepBase\Persistence\DeepBase.DB.JobQueue.dcu
D:\_Progs\02Business\DeepBase\Persistence\DeepBase.DB.Migrations.dcu
D:\_Progs\02Business\DeepBase\Persistence\DeepBase.DB.Pool.dcu
D:\_Progs\02Business\DeepBase\Persistence\DeepBase.Persistence.Config.FireDAC.dcu
D:\_Progs\02Business\DeepBase\Persistence\DeepBase.Persistence.FormState.FireDAC.dcu
D:\_Progs\02Business\DeepBase\Persistence\DeepBase.Persistence.Hotkeys.FireDAC.dcu
D:\_Progs\02Business\DeepBase\Persistence\DeepBase.Persistence.I18n.FireDAC.dcu
D:\_Progs\02Business\DeepBase\Persistence\DeepBase.Persistence.Manager.FireDAC.dcu
D:\_Progs\02Business\DeepBase\Persistence\DeepBase.Persistence.MRU.FireDAC.dcu
D:\_Progs\02Business\DeepBase\Persistence\DeepBase.Persistence.Security.FireDAC.dcu
D:\_Progs\02Business\DeepBase\Persistence\DeepBase.Persistence.Theme.FireDAC.dcu
D:\_Progs\02Business\DeepBase\Persistence\DeepBase.SQLLogger.dcu
D:\_Progs\02Business\DeepBase\Features\DeepBase.LLM.Client.dcu
D:\_Progs\02Business\DeepBase\Features\DeepBase.LLM.Config.dcu
D:\_Progs\02Business\DeepBase\Features\DeepBase.LLM.HTTP.dcu
D:\_Progs\02Business\DeepBase\Features\DeepBase.LLM.Proxy.dcu
D:\_Progs\02Business\DeepBase\Features\DeepBase.LLM.Service.dcu
D:\_Progs\02Business\DeepBase\Features\DeepBase.LLM.Types.dcu
D:\_Progs\02Business\DeepBase\Features\DeepBase.Net.Transport.dcu
D:\_Progs\02Business\DeepBase\VCL\DeepBase.VCL.DeepShell.Commands.dcu
D:\_Progs\02Business\DeepBase\VCL\DeepBase.VCL.DeepShell.Context.dcu
D:\_Progs\02Business\DeepBase\VCL\DeepBase.VCL.DeepShell.dcu
D:\_Progs\02Business\DeepBase\VCL\DeepBase.VCL.DeepShell.Events.dcu
D:\_Progs\02Business\DeepBase\VCL\DeepBase.VCL.DeepShell.Governance.dcu
D:\_Progs\02Business\DeepBase\VCL\DeepBase.VCL.DeepShell.Intf.dcu
D:\_Progs\02Business\DeepBase\VCL\DeepBase.VCL.DeepShell.Layout.dcu
D:\_Progs\02Business\DeepBase\VCL\DeepBase.VCL.DeepShell.Localization.dcu
D:\_Progs\02Business\DeepBase\VCL\DeepBase.VCL.DeepShell.MainForm.dcu
D:\_Progs\02Business\DeepBase\VCL\DeepBase.VCL.DeepShell.Panels.dcu
D:\_Progs\02Business\DeepBase\VCL\DeepBase.VCL.DeepShell.Recent.dcu
D:\_Progs\02Business\DeepBase\VCL\DeepBase.VCL.DeepShell.Services.dcu
D:\_Progs\02Business\DeepBase\VCL\DeepBase.VCL.DeepShell.Settings.dcu
D:\_Progs\02Business\DeepBase\VCL\DeepBase.VCL.DeepShell.Theme.dcu
D:\_Progs\02Business\DeepBase\VCL\DeepBase.VCL.DeepShell.ToolWindow.dcu
D:\_Progs\02Business\DeepBase\VCL\DeepBase.VCL.DeepShell.Types.dcu
] ]]>
                      </message>
                      <stack-trace>
                        <![CDATA[  ]]>
                      </stack-trace>
                    </failure>
                  </test-case>
                  <test-case name="CoreSource_UiDependenciesAreExplicitlyAllowlisted" executed="True" result="Success" success="True" time="0.071" asserts="0" >
                    <categories>
                      <category name="Architecture" />
                    </categories>
                  </test-case>
                  <test-case name="CoreSource_DbRuntimeDependenciesAreExplicitlyAllowlisted" executed="True" result="Success" success="True" time="0.058" asserts="0" >
                    <categories>
                      <category name="Architecture" />
                    </categories>
                  </test-case>
                  <test-case name="CoreSource_DoesNotDependOnManagerOutsideBootstrap" executed="True" result="Success" success="True" time="0.057" asserts="0" >
                    <categories>
                      <category name="Architecture" />
                    </categories>
                  </test-case>
                  <test-case name="ServicesRegistration_DoesNotStartBackgroundServices" executed="True" result="Success" success="True" time="0.001" asserts="0" >
                    <categories>
                      <category name="Architecture" />
                    </categories>
                  </test-case>
                  <test-case name="DownstreamPrimitives_DoNotDependOnHttpLlmNotifyOrBackgroundThreads" executed="True" result="Success" success="True" time="0.009" asserts="0" >
                    <categories>
                      <category name="Architecture" />
                    </categories>
                  </test-case>
                  <test-case name="UiAdapters_DoNotDependOnManagerConfigDB" executed="True" result="Success" success="True" time="0.097" asserts="0" >
                    <categories>
                      <category name="Architecture" />
                    </categories>
                  </test-case>
                  <test-case name="UiLogListView_UsesLoggerQueryPortOnly" executed="True" result="Success" success="True" time="0.002" asserts="0" >
                    <categories>
                      <category name="Architecture" />
                    </categories>
                  </test-case>
                  <test-case name="UiHotkeyEditor_UsesHotkeyStorageFactoryOnly" executed="True" result="Success" success="True" time="0.001" asserts="0" >
                    <categories>
                      <category name="Architecture" />
                    </categories>
                  </test-case>
                  <test-case name="UiLLMConfigPanels_UseLLMStorageFactoryOnly" executed="True" result="Success" success="True" time="0.004" asserts="0" >
                    <categories>
                      <category name="Architecture" />
                    </categories>
                  </test-case>
                  <test-case name="UiAboutFrames_UseAntiTamperDatabasePortOnly" executed="True" result="Success" success="True" time="0.002" asserts="0" >
                    <categories>
                      <category name="Architecture" />
                    </categories>
                  </test-case>
                  <test-case name="DesignPackages_RegisterControlsOnly_NoRuntimeBootstrap" executed="True" result="Success" success="True" time="0.005" asserts="0" >
                    <categories>
                      <category name="Architecture" />
                    </categories>
                  </test-case>
                </results>
              </test-suite>
              <test-suite type="Namespace" name="WebService" executed="true" result="Success" success="True" time="0.026" asserts="0" >
                <results>
                    <test-suite type="Fixture" name="TApiRequestTests" executed="True" result="Success" success="True" time="0.000" >
                      <results>
                        <test-case name="Test_Request_Create" executed="True" result="Success" success="True" time="0.000" asserts="0" />
                        <test-case name="Test_Request_ParseQueryString" executed="True" result="Success" success="True" time="0.000" asserts="0" />
                        <test-case name="Test_Request_GetHeader" executed="True" result="Success" success="True" time="0.000" asserts="0" />
                        <test-case name="Test_Request_GetQueryParam" executed="True" result="Success" success="True" time="0.000" asserts="0" />
                        <test-case name="Test_Request_ParseJSON" executed="True" result="Success" success="True" time="0.000" asserts="0" />
                      </results>
                    </test-suite>
                    <test-suite type="Fixture" name="TApiResponseTests" executed="True" result="Success" success="True" time="0.000" >
                      <results>
                        <test-case name="Test_Response_Create" executed="True" result="Success" success="True" time="0.000" asserts="0" />
                        <test-case name="Test_Response_SetStatus" executed="True" result="Success" success="True" time="0.000" asserts="0" />
                        <test-case name="Test_Response_SetContentType" executed="True" result="Success" success="True" time="0.000" asserts="0" />
                        <test-case name="Test_Response_JSON" executed="True" result="Success" success="True" time="0.000" asserts="0" />
                        <test-case name="Test_Response_Text" executed="True" result="Success" success="True" time="0.000" asserts="0" />
                        <test-case name="Test_Response_Redirect" executed="True" result="Success" success="True" time="0.000" asserts="0" />
                        <test-case name="Test_Response_SetHeader" executed="True" result="Success" success="True" time="0.000" asserts="0" />
                        <test-case name="Test_Response_ErrorEscapesJSONPayload" executed="True" result="Success" success="True" time="0.000" asserts="0" />
                      </results>
                    </test-suite>
                    <test-suite type="Fixture" name="TApiRouterTests" executed="True" result="Success" success="True" time="0.001" >
                      <results>
                        <test-case name="Test_Router_Create" executed="True" result="Success" success="True" time="0.000" asserts="0" />
                        <test-case name="Test_Router_AddRoute_Get" executed="True" result="Success" success="True" time="0.000" asserts="0" />
                        <test-case name="Test_Router_AddRoute_Post" executed="True" result="Success" success="True" time="0.000" asserts="0" />
                        <test-case name="Test_Router_AddRoute_Multiple" executed="True" result="Success" success="True" time="0.000" asserts="0" />
                        <test-case name="Test_Router_Group" executed="True" result="Success" success="True" time="0.000" asserts="0" />
                        <test-case name="Test_Router_Middleware" executed="True" result="Success" success="True" time="0.000" asserts="0" />
                        <test-case name="Test_Router_Match_ExtractsRouteParams" executed="True" result="Success" success="True" time="0.001" asserts="0" />
                      </results>
                    </test-suite>
                    <test-suite type="Fixture" name="TAuthMiddlewareExampleTests" executed="True" result="Success" success="True" time="0.026" >
                      <results>
                        <test-case name="Test_JWT_Middleware_Example_DeniesMissingToken" executed="True" result="Success" success="True" time="0.022" asserts="0" />
                        <test-case name="Test_ApiKey_Middleware_Example_AllowsValidKey" executed="True" result="Success" success="True" time="0.002" asserts="0" />
                        <test-case name="Test_ApiKey_QueryParam_DisabledByDefault_Denies" executed="True" result="Success" success="True" time="0.000" asserts="0" />
                        <test-case name="Test_JWT_Manager_RejectsWeakSecret" executed="True" result="Success" success="True" time="0.000" asserts="0" />
                        <test-case name="Test_JWT_TamperedSignature_Denies" executed="True" result="Success" success="True" time="0.000" asserts="0" />
                      </results>
                    </test-suite>
                    <test-suite type="Fixture" name="THttpConstantsTests" executed="True" result="Success" success="True" time="0.000" >
                      <results>
                        <test-case name="Test_HttpStatus_OK" executed="True" result="Success" success="True" time="0.000" asserts="0" />
                        <test-case name="Test_HttpStatus_Created" executed="True" result="Success" success="True" time="0.000" asserts="0" />
                        <test-case name="Test_HttpStatus_BadRequest" executed="True" result="Success" success="True" time="0.000" asserts="0" />
                        <test-case name="Test_HttpStatus_Unauthorized" executed="True" result="Success" success="True" time="0.000" asserts="0" />
                        <test-case name="Test_HttpStatus_NotFound" executed="True" result="Success" success="True" time="0.000" asserts="0" />
                        <test-case name="Test_HttpStatus_InternalServerError" executed="True" result="Success" success="True" time="0.000" asserts="0" />
                        <test-case name="Test_ContentType_JSON" executed="True" result="Success" success="True" time="0.000" asserts="0" />
                        <test-case name="Test_ContentType_HTML" executed="True" result="Success" success="True" time="0.000" asserts="0" />
                        <test-case name="Test_ContentType_Plain" executed="True" result="Success" success="True" time="0.000" asserts="0" />
                        <test-case name="Test_ApiServerConfig_DefaultCorsIsClosed" executed="True" result="Success" success="True" time="0.000" asserts="0" />
                      </results>
                    </test-suite>
                    <test-suite type="Fixture" name="TOpenAPITests" executed="True" result="Success" success="True" time="0.000" >
                      <results>
                        <test-case name="Test_OpenAPIInfo_Create" executed="True" result="Success" success="True" time="0.000" asserts="0" />
                        <test-case name="Test_OpenAPIPath_Create" executed="True" result="Success" success="True" time="0.000" asserts="0" />
                        <test-case name="Test_OpenAPIDocument_Generate" executed="True" result="Success" success="True" time="0.000" asserts="0" />
                        <test-case name="Test_OpenAPIDocument_ToJSON" executed="True" result="Success" success="True" time="0.001" asserts="0" />
                      </results>
                    </test-suite>
                    <test-suite type="Fixture" name="TWebSocketTests" executed="True" result="Success" success="True" time="0.000" >
                      <results>
                        <test-case name="Test_WebSocketOpcode_Values" executed="True" result="Success" success="True" time="0.000" asserts="0" />
                        <test-case name="Test_WebSocketCloseCode_Values" executed="True" result="Success" success="True" time="0.000" asserts="0" />
                        <test-case name="Test_WebSocketMessage_Create" executed="True" result="Success" success="True" time="0.000" asserts="0" />
                        <test-case name="Test_WebSocketRoom_Create" executed="True" result="Success" success="True" time="0.000" asserts="0" />
                        <test-case name="Test_WebSocketConfig_DefaultRejectsBrowserOrigin" executed="True" result="Success" success="True" time="0.000" asserts="0" />
                      </results>
                    </test-suite>
                </results>
              </test-suite>
          </results>
        </test-suite>
    </results>
  </test-suite>
</test-results>
