<?xml version="1.0" encoding="UTF-8" standalone="yes" ?>
<test-results name="D:\_Progs\02Business\DeepBase\Tests\DeepBaseTests.exe" total="11" errors="0" failures="0" ignored="0" inconclusive="0" not-run="0" skipped="0" invalid="0" date="2026-06-10" time="09:23:11">
  <culture-info current-culture="en" current-uiculture="en" />
  <test-suite type="Assembly" name="DeepBaseTests.exe" executed="true" result="Success" success="True" time="09:23:11" asserts="0">
    <results>
        <test-suite type="Namespace" name="Test" executed="true" result="Success" success="True" time="0.047" asserts="0" >
          <results>
              <test-suite type="Fixture" name="TTestDeepBaseTheme" executed="True" result="Success" success="True" time="0.047" >
                <results>
                  <test-case name="Test_GetAvailableThemes_NotEmpty" executed="True" result="Success" success="True" time="0.000" asserts="0" />
                  <test-case name="Test_GetAvailableThemes_HasWindowsTheme" executed="True" result="Success" success="True" time="0.000" asserts="0" />
                  <test-case name="Test_CurrentTheme_NotEmpty" executed="True" result="Success" success="True" time="0.000" asserts="0" />
                  <test-case name="Test_ApplyTheme_ValidTheme" executed="True" result="Success" success="True" time="0.000" asserts="0" />
                  <test-case name="Test_ApplyTheme_InvalidTheme_NoException" executed="True" result="Success" success="True" time="0.000" asserts="0" />
                  <test-case name="Test_IsDarkTheme_ReturnsBoolean" executed="True" result="Success" success="True" time="0.000" asserts="0" />
                  <test-case name="Test_GetThemeInfo_ValidTheme" executed="True" result="Success" success="True" time="0.000" asserts="0" />
                  <test-case name="Test_OnThemeChanged_Event" executed="True" result="Success" success="True" time="0.000" asserts="0" />
                  <test-case name="Test_SavedTheme_Persists" executed="True" result="Success" success="True" time="0.000" asserts="0" />
                  <test-case name="Test_ThemeInfo_HasRequiredFields" executed="True" result="Success" success="True" time="0.000" asserts="0" />
                  <test-case name="Test_StorageInjection_ReadThemes" executed="True" result="Success" success="True" time="0.000" asserts="0" />
                </results>
              </test-suite>
          </results>
        </test-suite>
    </results>
  </test-suite>
</test-results>
