<?xml version="1.0" encoding="UTF-8" standalone="yes" ?>
<test-results name="D:\_Progs\02Business\DeepBase\Tests\DeepBaseTests.exe" total="4" errors="0" failures="0" ignored="0" inconclusive="0" not-run="0" skipped="0" invalid="0" date="2026-06-10" time="11:09:10">
  <culture-info current-culture="en" current-uiculture="en" />
  <test-suite type="Assembly" name="DeepBaseTests.exe" executed="true" result="Success" success="True" time="11:09:10" asserts="0">
    <results>
        <test-suite type="Namespace" name="Test" executed="true" result="Success" success="True" time="0.112" asserts="0" >
          <results>
              <test-suite type="Fixture" name="TStripeWebhookTests" executed="True" result="Success" success="True" time="0.112" >
                <results>
                  <test-case name="Test_VerifySignature_MalformedHeader_ReturnsFalse" executed="True" result="Success" success="True" time="0.033" asserts="0" />
                  <test-case name="Test_VerifySignature_MissingTimestamp_ReturnsFalse" executed="True" result="Success" success="True" time="0.025" asserts="0" />
                  <test-case name="Test_VerifySignature_ValidHMAC_Passes" executed="True" result="Success" success="True" time="0.028" asserts="0" />
                  <test-case name="Test_VerifySignature_ExpiredTimestamp_ReturnsFalse" executed="True" result="Success" success="True" time="0.026" asserts="0" />
                </results>
              </test-suite>
          </results>
        </test-suite>
    </results>
  </test-suite>
</test-results>
