<?xml version="1.0" encoding="UTF-8" standalone="yes" ?>
<test-results name="D:\_Progs\02Business\DeepBase\Tests\DeepBaseTests.exe" total="748" errors="0" failures="0" ignored="0" inconclusive="0" not-run="0" skipped="0" invalid="0" date="2026-06-11" time="11:01:17">
  <culture-info current-culture="en" current-uiculture="en" />
  <test-suite type="Assembly" name="DeepBaseTests.exe" executed="true" result="Success" success="True" time="11:01:17" asserts="0">
    <results>
        <test-suite type="Namespace" name="Test" executed="true" result="Success" success="True" time="41.486" asserts="0" >
          <results>
              <test-suite type="Namespace" name="DeepBase" executed="true" result="Success" success="True" time="41.486" asserts="0" >
                <results>
                    <test-suite type="Namespace" name="AntiTamper" executed="true" result="Success" success="True" time="0.050" asserts="0" >
                      <results>
                          <test-suite type="Fixture" name="TTestAntiTamperConfig" executed="True" result="Success" success="True" time="0.000" >
                            <results>
                              <test-case name="Test_DefaultConfig_Values" executed="True" result="Success" success="True" time="0.000" asserts="0" />
                              <test-case name="Test_DefaultConfig_EncryptionType_AES256" executed="True" result="Success" success="True" time="0.000" asserts="0" />
                            </results>
                          </test-suite>
                          <test-suite type="Fixture" name="TTestAntiTamperCrypto" executed="True" result="Success" success="True" time="0.050" >
                            <results>
                              <test-case name="Test_Initialize_WithDefaultConfig" executed="True" result="Success" success="True" time="0.001" asserts="0" />
                              <test-case name="Test_CalculateMD5_Length" executed="True" result="Success" success="True" time="0.000" asserts="0" />
                              <test-case name="Test_CalculateSHA256_Length" executed="True" result="Success" success="True" time="0.000" asserts="0" />
                              <test-case name="Test_EncryptDecrypt_AES_RoundTrip" executed="True" result="Success" success="True" time="0.048" asserts="0" />
                              <test-case name="Test_VerifyImageIntegrity_Pass" executed="True" result="Success" success="True" time="0.000" asserts="0" />
                              <test-case name="Test_VerifyImageIntegrity_Fail" executed="True" result="Success" success="True" time="0.001" asserts="0" />
                            </results>
                          </test-suite>
                      </results>
                    </test-suite>
                    <test-suite type="Fixture" name="TTestAppLifecycle" executed="True" result="Success" success="True" time="0.079" >
                      <results>
                        <test-case name="AcquireSingleton_IsReentrantAndReleaseAllowsReacquire" executed="True" result="Success" success="True" time="0.000" asserts="0" />
                        <test-case name="MarkStarted_DetectsPreviousRunningAsCrash" executed="True" result="Success" success="True" time="0.002" asserts="0" />
                        <test-case name="MarkCleanShutdown_ResetsCrashCount" executed="True" result="Success" success="True" time="0.006" asserts="0" />
                        <test-case name="RequestShutdown_SetsSignalState" executed="True" result="Success" success="True" time="0.000" asserts="0" />
                        <test-case name="WaitForShutdownSignal_BlocksUntilRequestAndCallsCallback" executed="True" result="Success" success="True" time="0.061" asserts="0" />
                      </results>
                    </test-suite>
                    <test-suite type="Namespace" name="AutoUpdate" executed="true" result="Success" success="True" time="0.000" asserts="0" >
                      <results>
                          <test-suite type="Fixture" name="TTestAutoUpdateClass" executed="True" result="Success" success="True" time="0.000" >
                            <results>
                              <test-case name="Test_Create_Default" executed="True" result="Success" success="True" time="0.000" asserts="0" />
                              <test-case name="Test_Create_WithParams" executed="True" result="Success" success="True" time="0.000" asserts="0" />
                              <test-case name="Test_UpdateUrl_Get" executed="True" result="Success" success="True" time="0.000" asserts="0" />
                              <test-case name="Test_UpdateUrl_Set" executed="True" result="Success" success="True" time="0.000" asserts="0" />
                              <test-case name="Test_CurrentVersion_Default" executed="True" result="Success" success="True" time="0.000" asserts="0" />
                              <test-case name="Test_CurrentVersion_Set" executed="True" result="Success" success="True" time="0.000" asserts="0" />
                              <test-case name="Test_CurrentVersion_Empty" executed="True" result="Success" success="True" time="0.000" asserts="0" />
                              <test-case name="Test_Channel_Default" executed="True" result="Success" success="True" time="0.000" asserts="0" />
                              <test-case name="Test_Channel_SetStable" executed="True" result="Success" success="True" time="0.000" asserts="0" />
                              <test-case name="Test_Channel_SetBeta" executed="True" result="Success" success="True" time="0.000" asserts="0" />
                              <test-case name="Test_Channel_SetDev" executed="True" result="Success" success="True" time="0.000" asserts="0" />
                              <test-case name="Test_CheckForUpdate_NoUrl" executed="True" result="Success" success="True" time="0.000" asserts="0" />
                            </results>
                          </test-suite>
                          <test-suite type="Fixture" name="TTestUpdateChannel" executed="True" result="Success" success="True" time="0.000" >
                            <results>
                              <test-case name="Test_Stable" executed="True" result="Success" success="True" time="0.000" asserts="0" />
                              <test-case name="Test_Beta" executed="True" result="Success" success="True" time="0.000" asserts="0" />
                              <test-case name="Test_Alpha" executed="True" result="Success" success="True" time="0.000" asserts="0" />
                              <test-case name="Test_Dev" executed="True" result="Success" success="True" time="0.000" asserts="0" />
                              <test-case name="Test_EnumValues" executed="True" result="Success" success="True" time="0.000" asserts="0" />
                            </results>
                          </test-suite>
                          <test-suite type="Fixture" name="TTestUpdateInfo" executed="True" result="Success" success="True" time="0.000" >
                            <results>
                              <test-case name="Test_DefaultValues" executed="True" result="Success" success="True" time="0.000" asserts="0" />
                              <test-case name="Test_VersionField" executed="True" result="Success" success="True" time="0.000" asserts="0" />
                              <test-case name="Test_ChannelField" executed="True" result="Success" success="True" time="0.000" asserts="0" />
                              <test-case name="Test_DownloadUrlField" executed="True" result="Success" success="True" time="0.000" asserts="0" />
                              <test-case name="Test_DownloadSizeField" executed="True" result="Success" success="True" time="0.000" asserts="0" />
                              <test-case name="Test_Sha256Field" executed="True" result="Success" success="True" time="0.000" asserts="0" />
                              <test-case name="Test_ReleaseDateField" executed="True" result="Success" success="True" time="0.000" asserts="0" />
                              <test-case name="Test_ChangelogField" executed="True" result="Success" success="True" time="0.000" asserts="0" />
                              <test-case name="Test_ForceUpdateField" executed="True" result="Success" success="True" time="0.000" asserts="0" />
                              <test-case name="Test_AllFieldsAssignment" executed="True" result="Success" success="True" time="0.000" asserts="0" />
                            </results>
                          </test-suite>
                          <test-suite type="Fixture" name="TTestVersionNormalization" executed="True" result="Success" success="True" time="0.000" >
                            <results>
                              <test-case name="Test_VersionWithV" executed="True" result="Success" success="True" time="0.000" asserts="0" />
                              <test-case name="Test_VersionWithoutV" executed="True" result="Success" success="True" time="0.000" asserts="0" />
                              <test-case name="Test_EmptyVersion" executed="True" result="Success" success="True" time="0.000" asserts="0" />
                              <test-case name="Test_TrimmedVersion" executed="True" result="Success" success="True" time="0.000" asserts="0" />
                            </results>
                          </test-suite>
                      </results>
                    </test-suite>
                    <test-suite type="Namespace" name="Cache" executed="true" result="Success" success="True" time="6.078" asserts="0" >
                      <results>
                          <test-suite type="Fixture" name="TTestCacheStats" executed="True" result="Success" success="True" time="0.000" >
                            <results>
                              <test-case name="Test_HitRate_NoAccesses_ReturnsZero" executed="True" result="Success" success="True" time="0.000" asserts="0" />
                              <test-case name="Test_HitRate_AllHits_ReturnsOne" executed="True" result="Success" success="True" time="0.000" asserts="0" />
                              <test-case name="Test_HitRate_HalfHits_ReturnsHalf" executed="True" result="Success" success="True" time="0.000" asserts="0" />
                              <test-case name="Test_MissRate_ComplementOfHitRate" executed="True" result="Success" success="True" time="0.000" asserts="0" />
                              <test-case name="Test_Reset_ClearsAllCounters" executed="True" result="Success" success="True" time="0.000" asserts="0" />
                              <test-case name="Test_ToString_FormatsCorrectly" executed="True" result="Success" success="True" time="0.000" asserts="0" />
                            </results>
                          </test-suite>
                          <test-suite type="Fixture" name="TTestDeepBaseCache" executed="True" result="Success" success="True" time="6.078" >
                            <results>
                              <test-case name="Test_Put_And_Get_String" executed="True" result="Success" success="True" time="0.000" asserts="0" />
                              <test-case name="Test_Put_And_Get_Integer_Keys" executed="True" result="Success" success="True" time="0.000" asserts="0" />
                              <test-case name="Test_Get_NonExistent_ReturnsDefault" executed="True" result="Success" success="True" time="0.000" asserts="0" />
                              <test-case name="Test_TryGet_ExistingKey_ReturnsTrue" executed="True" result="Success" success="True" time="0.000" asserts="0" />
                              <test-case name="Test_TryGet_NonExistent_ReturnsFalse" executed="True" result="Success" success="True" time="0.000" asserts="0" />
                              <test-case name="Test_Contains_ExistingKey" executed="True" result="Success" success="True" time="0.000" asserts="0" />
                              <test-case name="Test_Contains_NonExistent" executed="True" result="Success" success="True" time="0.000" asserts="0" />
                              <test-case name="Test_Remove_ExistingKey" executed="True" result="Success" success="True" time="0.000" asserts="0" />
                              <test-case name="Test_Remove_NonExistent_ReturnsFalse" executed="True" result="Success" success="True" time="0.000" asserts="0" />
                              <test-case name="Test_Clear_RemovesAllItems" executed="True" result="Success" success="True" time="0.000" asserts="0" />
                              <test-case name="Test_Count_Property" executed="True" result="Success" success="True" time="0.000" asserts="0" />
                              <test-case name="Test_Keys_Property" executed="True" result="Success" success="True" time="0.000" asserts="0" />
                              <test-case name="Test_LRU_EvictsLeastRecentlyUsed" executed="True" result="Success" success="True" time="0.000" asserts="0" />
                              <test-case name="Test_LFU_EvictsLeastFrequentlyUsed" executed="True" result="Success" success="True" time="0.000" asserts="0" />
                              <test-case name="Test_FIFO_EvictsFirstInserted" executed="True" result="Success" success="True" time="0.000" asserts="0" />
                              <test-case name="Test_TTL_ItemExpiresAfterTimeout" executed="True" result="Success" success="True" time="1.516" asserts="0" />
                              <test-case name="Test_TTL_GetExpiredItem_ReturnsFalse" executed="True" result="Success" success="True" time="1.513" asserts="0" />
                              <test-case name="Test_SetTTL_UpdatesExpiration" executed="True" result="Success" success="True" time="1.512" asserts="0" />
                              <test-case name="Test_GetTTL_ReturnsRemainingTime" executed="True" result="Success" success="True" time="0.000" asserts="0" />
                              <test-case name="Test_Cleanup_RemovesExpiredItems" executed="True" result="Success" success="True" time="1.507" asserts="0" />
                              <test-case name="Test_MaxItems_EvictsWhenFull" executed="True" result="Success" success="True" time="0.000" asserts="0" />
                              <test-case name="Test_Put_UpdateExisting_NoEviction" executed="True" result="Success" success="True" time="0.000" asserts="0" />
                              <test-case name="Test_Stats_HitIncrementsOnGet" executed="True" result="Success" success="True" time="0.000" asserts="0" />
                              <test-case name="Test_Stats_MissIncrementsOnMiss" executed="True" result="Success" success="True" time="0.000" asserts="0" />
                              <test-case name="Test_Stats_HitRate_Calculation" executed="True" result="Success" success="True" time="0.000" asserts="0" />
                              <test-case name="Test_Stats_EvictionCount" executed="True" result="Success" success="True" time="0.000" asserts="0" />
                              <test-case name="Test_GetMany_ReturnsMatchingItems" executed="True" result="Success" success="True" time="0.000" asserts="0" />
                              <test-case name="Test_PutMany_InsertsMultipleItems" executed="True" result="Success" success="True" time="0.000" asserts="0" />
                              <test-case name="Test_RemoveMany_RemovesMultipleItems" executed="True" result="Success" success="True" time="0.000" asserts="0" />
                              <test-case name="Test_OnEvict_CalledOnEviction" executed="True" result="Success" success="True" time="0.000" asserts="0" />
                              <test-case name="Test_OnLoad_CalledOnGetOrLoad" executed="True" result="Success" success="True" time="0.000" asserts="0" />
                              <test-case name="Test_ThreadSafety_ConcurrentReadWrite" executed="True" result="Success" success="True" time="0.029" asserts="0" />
                            </results>
                          </test-suite>
                          <test-suite type="Fixture" name="TTestMemoryCache" executed="True" result="Success" success="True" time="0.000" >
                            <results>
                              <test-case name="Test_Put_And_Get" executed="True" result="Success" success="True" time="0.000" asserts="0" />
                              <test-case name="Test_TryGet_ExistingKey" executed="True" result="Success" success="True" time="0.000" asserts="0" />
                              <test-case name="Test_Contains" executed="True" result="Success" success="True" time="0.000" asserts="0" />
                              <test-case name="Test_Remove" executed="True" result="Success" success="True" time="0.000" asserts="0" />
                              <test-case name="Test_Clear" executed="True" result="Success" success="True" time="0.000" asserts="0" />
                            </results>
                          </test-suite>
                      </results>
                    </test-suite>
                    <test-suite type="Namespace" name="CloudBackup" executed="true" result="Success" success="True" time="0.003" asserts="0" >
                      <results>
                          <test-suite type="Fixture" name="TTestBackupConfig" executed="True" result="Success" success="True" time="0.002" >
                            <results>
                              <test-case name="Test_Default_Values" executed="True" result="Success" success="True" time="0.002" asserts="0" />
                              <test-case name="Test_Default_CompressionLevel" executed="True" result="Success" success="True" time="0.000" asserts="0" />
                              <test-case name="Test_Default_MaxVersions" executed="True" result="Success" success="True" time="0.000" asserts="0" />
                              <test-case name="Test_SourcePaths" executed="True" result="Success" success="True" time="0.000" asserts="0" />
                              <test-case name="Test_ExcludePatterns" executed="True" result="Success" success="True" time="0.000" asserts="0" />
                            </results>
                          </test-suite>
                          <test-suite type="Fixture" name="TTestBackupEnums" executed="True" result="Success" success="True" time="0.000" >
                            <results>
                              <test-case name="Test_BackupStatus_Values" executed="True" result="Success" success="True" time="0.000" asserts="0" />
                              <test-case name="Test_BackupType_Values" executed="True" result="Success" success="True" time="0.000" asserts="0" />
                              <test-case name="Test_CompressionLevel_Values" executed="True" result="Success" success="True" time="0.000" asserts="0" />
                              <test-case name="Test_ScheduleType_Values" executed="True" result="Success" success="True" time="0.000" asserts="0" />
                              <test-case name="Test_FileChangeType_Values" executed="True" result="Success" success="True" time="0.000" asserts="0" />
                            </results>
                          </test-suite>
                          <test-suite type="Fixture" name="TTestBackupFileInfo" executed="True" result="Success" success="True" time="0.000" >
                            <results>
                              <test-case name="Test_Create" executed="True" result="Success" success="True" time="0.000" asserts="0" />
                              <test-case name="Test_ToJSON" executed="True" result="Success" success="True" time="0.000" asserts="0" />
                              <test-case name="Test_FromJSON" executed="True" result="Success" success="True" time="0.000" asserts="0" />
                              <test-case name="Test_RoundTrip" executed="True" result="Success" success="True" time="0.000" asserts="0" />
                            </results>
                          </test-suite>
                          <test-suite type="Fixture" name="TTestBackupManifest" executed="True" result="Success" success="True" time="0.000" >
                            <results>
                              <test-case name="Test_Create_Defaults" executed="True" result="Success" success="True" time="0.000" asserts="0" />
                              <test-case name="Test_AddFile" executed="True" result="Success" success="True" time="0.000" asserts="0" />
                              <test-case name="Test_AddFile_Multiple" executed="True" result="Success" success="True" time="0.000" asserts="0" />
                              <test-case name="Test_RemoveFile" executed="True" result="Success" success="True" time="0.000" asserts="0" />
                              <test-case name="Test_FindFile_Exists" executed="True" result="Success" success="True" time="0.000" asserts="0" />
                              <test-case name="Test_FindFile_NotExists" executed="True" result="Success" success="True" time="0.000" asserts="0" />
                              <test-case name="Test_ToJSON" executed="True" result="Success" success="True" time="0.000" asserts="0" />
                              <test-case name="Test_FromJSON" executed="True" result="Success" success="True" time="0.000" asserts="0" />
                              <test-case name="Test_Properties" executed="True" result="Success" success="True" time="0.000" asserts="0" />
                              <test-case name="Test_Tags" executed="True" result="Success" success="True" time="0.000" asserts="0" />
                            </results>
                          </test-suite>
                          <test-suite type="Fixture" name="TTestBackupProgress" executed="True" result="Success" success="True" time="0.000" >
                            <results>
                              <test-case name="Test_ProgressPercent_Zero" executed="True" result="Success" success="True" time="0.000" asserts="0" />
                              <test-case name="Test_ProgressPercent_Partial" executed="True" result="Success" success="True" time="0.000" asserts="0" />
                              <test-case name="Test_ProgressPercent_Complete" executed="True" result="Success" success="True" time="0.000" asserts="0" />
                              <test-case name="Test_FormattedProgress" executed="True" result="Success" success="True" time="0.000" asserts="0" />
                              <test-case name="Test_Status_Values" executed="True" result="Success" success="True" time="0.000" asserts="0" />
                            </results>
                          </test-suite>
                          <test-suite type="Fixture" name="TTestBackupStatistics" executed="True" result="Success" success="True" time="0.000" >
                            <results>
                              <test-case name="Test_Fields" executed="True" result="Success" success="True" time="0.000" asserts="0" />
                              <test-case name="Test_Default_Values" executed="True" result="Success" success="True" time="0.000" asserts="0" />
                            </results>
                          </test-suite>
                          <test-suite type="Fixture" name="TTestBackupVersion" executed="True" result="Success" success="True" time="0.000" >
                            <results>
                              <test-case name="Test_Properties" executed="True" result="Success" success="True" time="0.000" asserts="0" />
                              <test-case name="Test_ToJSON" executed="True" result="Success" success="True" time="0.000" asserts="0" />
                              <test-case name="Test_FromJSON" executed="True" result="Success" success="True" time="0.000" asserts="0" />
                              <test-case name="Test_RoundTrip" executed="True" result="Success" success="True" time="0.000" asserts="0" />
                            </results>
                          </test-suite>
                      </results>
                    </test-suite>
                    <test-suite type="Namespace" name="CloudSync" executed="true" result="Success" success="True" time="0.027" asserts="0" >
                      <results>
                          <test-suite type="Fixture" name="TTestCloudServiceConfig" executed="True" result="Success" success="True" time="0.000" >
                            <results>
                              <test-case name="Test_Default_SetsReasonableDefaults" executed="True" result="Success" success="True" time="0.000" asserts="0" />
                            </results>
                          </test-suite>
                          <test-suite type="Fixture" name="TTestConfigItem" executed="True" result="Success" success="True" time="0.000" >
                            <results>
                              <test-case name="Test_Create_SetsKeyAndType" executed="True" result="Success" success="True" time="0.000" asserts="0" />
                              <test-case name="Test_SetStringValue_SetsValue" executed="True" result="Success" success="True" time="0.000" asserts="0" />
                              <test-case name="Test_SetIntegerValue_ConvertsToString" executed="True" result="Success" success="True" time="0.000" asserts="0" />
                              <test-case name="Test_SetFloatValue_ConvertsToString" executed="True" result="Success" success="True" time="0.000" asserts="0" />
                              <test-case name="Test_SetBooleanValue_ConvertsToString" executed="True" result="Success" success="True" time="0.000" asserts="0" />
                              <test-case name="Test_SetDateTimeValue_ConvertsToISO8601" executed="True" result="Success" success="True" time="0.000" asserts="0" />
                              <test-case name="Test_SetJSONValue_Serializes" executed="True" result="Success" success="True" time="0.000" asserts="0" />
                              <test-case name="Test_GetIntegerValue_ParsesString" executed="True" result="Success" success="True" time="0.000" asserts="0" />
                              <test-case name="Test_GetFloatValue_ParsesString" executed="True" result="Success" success="True" time="0.000" asserts="0" />
                              <test-case name="Test_GetBooleanValue_ParsesString" executed="True" result="Success" success="True" time="0.000" asserts="0" />
                              <test-case name="Test_ToJSON_SerializesAllFields" executed="True" result="Success" success="True" time="0.000" asserts="0" />
                              <test-case name="Test_FromJSON_DeserializesAllFields" executed="True" result="Success" success="True" time="0.000" asserts="0" />
                            </results>
                          </test-suite>
                          <test-suite type="Fixture" name="TTestConfigVersion" executed="True" result="Success" success="True" time="0.000" >
                            <results>
                              <test-case name="Test_Create_InitializesFields" executed="True" result="Success" success="True" time="0.000" asserts="0" />
                              <test-case name="Test_ToJSON_SerializesCorrectly" executed="True" result="Success" success="True" time="0.000" asserts="0" />
                              <test-case name="Test_FromJSON_DeserializesCorrectly" executed="True" result="Success" success="True" time="0.000" asserts="0" />
                            </results>
                          </test-suite>
                          <test-suite type="Fixture" name="TTestJSONDeepMerge" executed="True" result="Success" success="True" time="0.000" >
                            <results>
                              <test-case name="Test_JSONClone_Null_ReturnsNil" executed="True" result="Success" success="True" time="0.000" asserts="0" />
                              <test-case name="Test_JSONClone_SimpleValue_ReturnsClone" executed="True" result="Success" success="True" time="0.000" asserts="0" />
                              <test-case name="Test_JSONClone_Object_ReturnsDeepClone" executed="True" result="Success" success="True" time="0.000" asserts="0" />
                              <test-case name="Test_JSONClone_Array_ReturnsDeepClone" executed="True" result="Success" success="True" time="0.000" asserts="0" />
                              <test-case name="Test_JSONValuesEqual_BothNull_ReturnsTrue" executed="True" result="Success" success="True" time="0.000" asserts="0" />
                              <test-case name="Test_JSONValuesEqual_OneNull_ReturnsFalse" executed="True" result="Success" success="True" time="0.000" asserts="0" />
                              <test-case name="Test_JSONValuesEqual_SameSimpleValue_ReturnsTrue" executed="True" result="Success" success="True" time="0.000" asserts="0" />
                              <test-case name="Test_JSONValuesEqual_DifferentValues_ReturnsFalse" executed="True" result="Success" success="True" time="0.000" asserts="0" />
                              <test-case name="Test_JSONValuesEqual_SameObject_ReturnsTrue" executed="True" result="Success" success="True" time="0.000" asserts="0" />
                              <test-case name="Test_JSONValuesEqual_DifferentObjects_ReturnsFalse" executed="True" result="Success" success="True" time="0.000" asserts="0" />
                              <test-case name="Test_JSONMergeArrays_Replace_ReplacesTarget" executed="True" result="Success" success="True" time="0.000" asserts="0" />
                              <test-case name="Test_JSONMergeArrays_Append_AppendsElements" executed="True" result="Success" success="True" time="0.000" asserts="0" />
                              <test-case name="Test_JSONMergeArrays_MergeByIndex_MergesObjects" executed="True" result="Success" success="True" time="0.000" asserts="0" />
                              <test-case name="Test_JSONMergeArrays_MergeByIndex_AppendsExtraElements" executed="True" result="Success" success="True" time="0.000" asserts="0" />
                              <test-case name="Test_JSONMergeArrays_Union_DeduplicatesElements" executed="True" result="Success" success="True" time="0.000" asserts="0" />
                              <test-case name="Test_JSONMergeArrays_Union_AddsNewElements" executed="True" result="Success" success="True" time="0.000" asserts="0" />
                              <test-case name="Test_JSONDeepMerge_EmptySource_TargetUnchanged" executed="True" result="Success" success="True" time="0.000" asserts="0" />
                              <test-case name="Test_JSONDeepMerge_NewKey_AddsToTarget" executed="True" result="Success" success="True" time="0.000" asserts="0" />
                              <test-case name="Test_JSONDeepMerge_ExistingSimpleKey_OverwritesValue" executed="True" result="Success" success="True" time="0.000" asserts="0" />
                              <test-case name="Test_JSONDeepMerge_NestedObjects_RecursiveMerge" executed="True" result="Success" success="True" time="0.000" asserts="0" />
                              <test-case name="Test_JSONDeepMerge_ArrayFields_UsesStrategy" executed="True" result="Success" success="True" time="0.000" asserts="0" />
                              <test-case name="Test_JSONDeepMerge_TypeMismatch_SourceOverwrites" executed="True" result="Success" success="True" time="0.000" asserts="0" />
                              <test-case name="Test_JSONDeepMerge_ComplexNested_MergesCorrectly" executed="True" result="Success" success="True" time="0.000" asserts="0" />
                            </results>
                          </test-suite>
                          <test-suite type="Fixture" name="TTestLocalConfigStore" executed="True" result="Success" success="True" time="0.027" >
                            <results>
                              <test-case name="Test_Put_And_Get" executed="True" result="Success" success="True" time="0.000" asserts="0" />
                              <test-case name="Test_Get_NonExistent_ReturnsNil" executed="True" result="Success" success="True" time="0.000" asserts="0" />
                              <test-case name="Test_GetOrCreate_ExistingKey_ReturnsExisting" executed="True" result="Success" success="True" time="0.000" asserts="0" />
                              <test-case name="Test_GetOrCreate_NewKey_CreatesItem" executed="True" result="Success" success="True" time="0.000" asserts="0" />
                              <test-case name="Test_Exists_ExistingKey_ReturnsTrue" executed="True" result="Success" success="True" time="0.000" asserts="0" />
                              <test-case name="Test_Exists_NonExistent_ReturnsFalse" executed="True" result="Success" success="True" time="0.000" asserts="0" />
                              <test-case name="Test_Delete_MarksAsDeleted" executed="True" result="Success" success="True" time="0.000" asserts="0" />
                              <test-case name="Test_Exists_DeletedKey_ReturnsFalse" executed="True" result="Success" success="True" time="0.000" asserts="0" />
                              <test-case name="Test_GetAll_ReturnsNonDeletedItems" executed="True" result="Success" success="True" time="0.000" asserts="0" />
                              <test-case name="Test_GetDirtyItems_ReturnsDirtyOnly" executed="True" result="Success" success="True" time="0.000" asserts="0" />
                              <test-case name="Test_MarkAllClean_ClearsDirtyFlags" executed="True" result="Success" success="True" time="0.001" asserts="0" />
                              <test-case name="Test_Clear_RemovesAllItems" executed="True" result="Success" success="True" time="0.001" asserts="0" />
                              <test-case name="Test_SaveAndLoad_PersistsData" executed="True" result="Success" success="True" time="0.003" asserts="0" />
                              <test-case name="Test_CurrentVersion_Persisted" executed="True" result="Success" success="True" time="0.002" asserts="0" />
                            </results>
                          </test-suite>
                          <test-suite type="Fixture" name="TTestSyncProgress" executed="True" result="Success" success="True" time="0.000" >
                            <results>
                              <test-case name="Test_ProgressPercent_ZeroTotal_ReturnsZero" executed="True" result="Success" success="True" time="0.000" asserts="0" />
                              <test-case name="Test_ProgressPercent_Calculation" executed="True" result="Success" success="True" time="0.000" asserts="0" />
                            </results>
                          </test-suite>
                          <test-suite type="Fixture" name="TTestSyncStatistics" executed="True" result="Success" success="True" time="0.000" >
                            <results>
                              <test-case name="Test_Reset_ClearsAllValues" executed="True" result="Success" success="True" time="0.000" asserts="0" />
                            </results>
                          </test-suite>
                      </results>
                    </test-suite>
                    <test-suite type="Namespace" name="Collections" executed="true" result="Success" success="True" time="0.063" asserts="0" >
                      <results>
                          <test-suite type="Fixture" name="TBidiDictionaryTests" executed="True" result="Success" success="True" time="0.000" >
                            <results>
                              <test-case name="Test_Create" executed="True" result="Success" success="True" time="0.000" asserts="0" />
                              <test-case name="Test_Add" executed="True" result="Success" success="True" time="0.000" asserts="0" />
                              <test-case name="Test_GetValue" executed="True" result="Success" success="True" time="0.000" asserts="0" />
                              <test-case name="Test_GetKey" executed="True" result="Success" success="True" time="0.000" asserts="0" />
                              <test-case name="Test_TryGetValue" executed="True" result="Success" success="True" time="0.000" asserts="0" />
                              <test-case name="Test_TryGetKey" executed="True" result="Success" success="True" time="0.000" asserts="0" />
                              <test-case name="Test_ContainsKey" executed="True" result="Success" success="True" time="0.000" asserts="0" />
                              <test-case name="Test_ContainsValue" executed="True" result="Success" success="True" time="0.000" asserts="0" />
                              <test-case name="Test_Remove" executed="True" result="Success" success="True" time="0.000" asserts="0" />
                              <test-case name="Test_RemoveValue" executed="True" result="Success" success="True" time="0.000" asserts="0" />
                              <test-case name="Test_Clear" executed="True" result="Success" success="True" time="0.000" asserts="0" />
                              <test-case name="Test_Count" executed="True" result="Success" success="True" time="0.000" asserts="0" />
                              <test-case name="Test_Keys" executed="True" result="Success" success="True" time="0.000" asserts="0" />
                              <test-case name="Test_Values" executed="True" result="Success" success="True" time="0.000" asserts="0" />
                            </results>
                          </test-suite>
                          <test-suite type="Fixture" name="TBlockingQueueTests" executed="True" result="Success" success="True" time="0.062" >
                            <results>
                              <test-case name="Test_Create" executed="True" result="Success" success="True" time="0.000" asserts="0" />
                              <test-case name="Test_Enqueue" executed="True" result="Success" success="True" time="0.000" asserts="0" />
                              <test-case name="Test_Dequeue" executed="True" result="Success" success="True" time="0.000" asserts="0" />
                              <test-case name="Test_TryDequeue_Success" executed="True" result="Success" success="True" time="0.000" asserts="0" />
                              <test-case name="Test_TryDequeue_Timeout" executed="True" result="Success" success="True" time="0.062" asserts="0" />
                              <test-case name="Test_Count" executed="True" result="Success" success="True" time="0.000" asserts="0" />
                              <test-case name="Test_Clear" executed="True" result="Success" success="True" time="0.000" asserts="0" />
                            </results>
                          </test-suite>
                          <test-suite type="Fixture" name="TCircularBufferTests" executed="True" result="Success" success="True" time="0.000" >
                            <results>
                              <test-case name="Test_Create" executed="True" result="Success" success="True" time="0.000" asserts="0" />
                              <test-case name="Test_Push" executed="True" result="Success" success="True" time="0.000" asserts="0" />
                              <test-case name="Test_Pop" executed="True" result="Success" success="True" time="0.000" asserts="0" />
                              <test-case name="Test_TryPop_Success" executed="True" result="Success" success="True" time="0.000" asserts="0" />
                              <test-case name="Test_TryPop_Empty" executed="True" result="Success" success="True" time="0.000" asserts="0" />
                              <test-case name="Test_Peek" executed="True" result="Success" success="True" time="0.000" asserts="0" />
                              <test-case name="Test_IsFull" executed="True" result="Success" success="True" time="0.000" asserts="0" />
                              <test-case name="Test_IsEmpty" executed="True" result="Success" success="True" time="0.000" asserts="0" />
                              <test-case name="Test_Wrap_Around" executed="True" result="Success" success="True" time="0.000" asserts="0" />
                              <test-case name="Test_Overwrite_Oldest" executed="True" result="Success" success="True" time="0.000" asserts="0" />
                              <test-case name="Test_Clear" executed="True" result="Success" success="True" time="0.000" asserts="0" />
                              <test-case name="Test_ToArray" executed="True" result="Success" success="True" time="0.000" asserts="0" />
                              <test-case name="Test_Count" executed="True" result="Success" success="True" time="0.000" asserts="0" />
                            </results>
                          </test-suite>
                          <test-suite type="Fixture" name="TCountingSetTests" executed="True" result="Success" success="True" time="0.000" >
                            <results>
                              <test-case name="Test_Create" executed="True" result="Success" success="True" time="0.000" asserts="0" />
                              <test-case name="Test_Add" executed="True" result="Success" success="True" time="0.000" asserts="0" />
                              <test-case name="Test_Add_Multiple" executed="True" result="Success" success="True" time="0.000" asserts="0" />
                              <test-case name="Test_Remove" executed="True" result="Success" success="True" time="0.000" asserts="0" />
                              <test-case name="Test_GetCount" executed="True" result="Success" success="True" time="0.000" asserts="0" />
                              <test-case name="Test_Contains" executed="True" result="Success" success="True" time="0.000" asserts="0" />
                              <test-case name="Test_Clear" executed="True" result="Success" success="True" time="0.000" asserts="0" />
                              <test-case name="Test_MostCommon" executed="True" result="Success" success="True" time="0.000" asserts="0" />
                              <test-case name="Test_TotalCount" executed="True" result="Success" success="True" time="0.000" asserts="0" />
                            </results>
                          </test-suite>
                          <test-suite type="Fixture" name="TDequeTests" executed="True" result="Success" success="True" time="0.000" >
                            <results>
                              <test-case name="Test_Create" executed="True" result="Success" success="True" time="0.000" asserts="0" />
                              <test-case name="Test_PushFront" executed="True" result="Success" success="True" time="0.000" asserts="0" />
                              <test-case name="Test_PushBack" executed="True" result="Success" success="True" time="0.000" asserts="0" />
                              <test-case name="Test_PopFront" executed="True" result="Success" success="True" time="0.000" asserts="0" />
                              <test-case name="Test_PopBack" executed="True" result="Success" success="True" time="0.000" asserts="0" />
                              <test-case name="Test_PeekFront" executed="True" result="Success" success="True" time="0.000" asserts="0" />
                              <test-case name="Test_PeekBack" executed="True" result="Success" success="True" time="0.000" asserts="0" />
                              <test-case name="Test_Clear" executed="True" result="Success" success="True" time="0.000" asserts="0" />
                              <test-case name="Test_Count" executed="True" result="Success" success="True" time="0.000" asserts="0" />
                              <test-case name="Test_IsEmpty" executed="True" result="Success" success="True" time="0.000" asserts="0" />
                              <test-case name="Test_ToArray" executed="True" result="Success" success="True" time="0.000" asserts="0" />
                            </results>
                          </test-suite>
                          <test-suite type="Fixture" name="TLRUCacheTests" executed="True" result="Success" success="True" time="0.000" >
                            <results>
                              <test-case name="Test_Create" executed="True" result="Success" success="True" time="0.000" asserts="0" />
                              <test-case name="Test_Put_Get" executed="True" result="Success" success="True" time="0.000" asserts="0" />
                              <test-case name="Test_TryGet_Found" executed="True" result="Success" success="True" time="0.000" asserts="0" />
                              <test-case name="Test_TryGet_NotFound" executed="True" result="Success" success="True" time="0.000" asserts="0" />
                              <test-case name="Test_Contains" executed="True" result="Success" success="True" time="0.000" asserts="0" />
                              <test-case name="Test_Remove" executed="True" result="Success" success="True" time="0.000" asserts="0" />
                              <test-case name="Test_Clear" executed="True" result="Success" success="True" time="0.000" asserts="0" />
                              <test-case name="Test_Count" executed="True" result="Success" success="True" time="0.000" asserts="0" />
                              <test-case name="Test_IsFull" executed="True" result="Success" success="True" time="0.000" asserts="0" />
                              <test-case name="Test_Eviction_LRU" executed="True" result="Success" success="True" time="0.000" asserts="0" />
                              <test-case name="Test_OnEvict_Called" executed="True" result="Success" success="True" time="0.000" asserts="0" />
                              <test-case name="Test_Get_UpdatesRecency" executed="True" result="Success" success="True" time="0.000" asserts="0" />
                              <test-case name="Test_Keys" executed="True" result="Success" success="True" time="0.000" asserts="0" />
                            </results>
                          </test-suite>
                          <test-suite type="Fixture" name="TMultiMapTests" executed="True" result="Success" success="True" time="0.000" >
                            <results>
                              <test-case name="Test_Create" executed="True" result="Success" success="True" time="0.000" asserts="0" />
                              <test-case name="Test_Add" executed="True" result="Success" success="True" time="0.000" asserts="0" />
                              <test-case name="Test_AddRange" executed="True" result="Success" success="True" time="0.000" asserts="0" />
                              <test-case name="Test_GetValues" executed="True" result="Success" success="True" time="0.000" asserts="0" />
                              <test-case name="Test_TryGetValues" executed="True" result="Success" success="True" time="0.000" asserts="0" />
                              <test-case name="Test_Contains" executed="True" result="Success" success="True" time="0.000" asserts="0" />
                              <test-case name="Test_ContainsKey" executed="True" result="Success" success="True" time="0.000" asserts="0" />
                              <test-case name="Test_Remove" executed="True" result="Success" success="True" time="0.000" asserts="0" />
                              <test-case name="Test_RemoveKey" executed="True" result="Success" success="True" time="0.000" asserts="0" />
                              <test-case name="Test_Clear" executed="True" result="Success" success="True" time="0.000" asserts="0" />
                              <test-case name="Test_KeyCount" executed="True" result="Success" success="True" time="0.000" asserts="0" />
                              <test-case name="Test_ValueCount" executed="True" result="Success" success="True" time="0.000" asserts="0" />
                              <test-case name="Test_ValueCountFor" executed="True" result="Success" success="True" time="0.000" asserts="0" />
                              <test-case name="Test_Keys" executed="True" result="Success" success="True" time="0.000" asserts="0" />
                              <test-case name="Test_AllValues" executed="True" result="Success" success="True" time="0.000" asserts="0" />
                            </results>
                          </test-suite>
                          <test-suite type="Fixture" name="TOrderedDictionaryTests" executed="True" result="Success" success="True" time="0.000" >
                            <results>
                              <test-case name="Test_Create" executed="True" result="Success" success="True" time="0.000" asserts="0" />
                              <test-case name="Test_Add" executed="True" result="Success" success="True" time="0.000" asserts="0" />
                              <test-case name="Test_PreservesOrder" executed="True" result="Success" success="True" time="0.000" asserts="0" />
                              <test-case name="Test_GetItem" executed="True" result="Success" success="True" time="0.000" asserts="0" />
                              <test-case name="Test_SetItem" executed="True" result="Success" success="True" time="0.000" asserts="0" />
                              <test-case name="Test_TryGetValue" executed="True" result="Success" success="True" time="0.000" asserts="0" />
                              <test-case name="Test_ContainsKey" executed="True" result="Success" success="True" time="0.000" asserts="0" />
                              <test-case name="Test_Remove" executed="True" result="Success" success="True" time="0.000" asserts="0" />
                              <test-case name="Test_Clear" executed="True" result="Success" success="True" time="0.000" asserts="0" />
                              <test-case name="Test_Count" executed="True" result="Success" success="True" time="0.000" asserts="0" />
                              <test-case name="Test_GetKeyAt" executed="True" result="Success" success="True" time="0.000" asserts="0" />
                              <test-case name="Test_GetValueAt" executed="True" result="Success" success="True" time="0.000" asserts="0" />
                            </results>
                          </test-suite>
                          <test-suite type="Fixture" name="TSortedListTests" executed="True" result="Success" success="True" time="0.000" >
                            <results>
                              <test-case name="Test_Create" executed="True" result="Success" success="True" time="0.000" asserts="0" />
                              <test-case name="Test_Add_SortsAutomatically" executed="True" result="Success" success="True" time="0.000" asserts="0" />
                              <test-case name="Test_Add_MultipleItems" executed="True" result="Success" success="True" time="0.000" asserts="0" />
                              <test-case name="Test_Contains" executed="True" result="Success" success="True" time="0.000" asserts="0" />
                              <test-case name="Test_IndexOf" executed="True" result="Success" success="True" time="0.000" asserts="0" />
                              <test-case name="Test_Remove" executed="True" result="Success" success="True" time="0.000" asserts="0" />
                              <test-case name="Test_Delete" executed="True" result="Success" success="True" time="0.000" asserts="0" />
                              <test-case name="Test_Clear" executed="True" result="Success" success="True" time="0.000" asserts="0" />
                              <test-case name="Test_Count" executed="True" result="Success" success="True" time="0.000" asserts="0" />
                              <test-case name="Test_IsEmpty" executed="True" result="Success" success="True" time="0.000" asserts="0" />
                              <test-case name="Test_First" executed="True" result="Success" success="True" time="0.000" asserts="0" />
                              <test-case name="Test_Last" executed="True" result="Success" success="True" time="0.000" asserts="0" />
                              <test-case name="Test_ToArray" executed="True" result="Success" success="True" time="0.000" asserts="0" />
                              <test-case name="Test_GetRange" executed="True" result="Success" success="True" time="0.000" asserts="0" />
                              <test-case name="Test_Duplicates_Ignore" executed="True" result="Success" success="True" time="0.000" asserts="0" />
                              <test-case name="Test_Duplicates_Accept" executed="True" result="Success" success="True" time="0.000" asserts="0" />
                            </results>
                          </test-suite>
                      </results>
                    </test-suite>
                    <test-suite type="Namespace" name="Compression" executed="true" result="Success" success="True" time="0.180" asserts="0" >
                      <results>
                          <test-suite type="Fixture" name="TTestCompression" executed="True" result="Success" success="True" time="0.055" >
                            <results>
                              <test-case name="Test_GZipCompress_CompressesData" executed="True" result="Success" success="True" time="0.000" asserts="0" />
                              <test-case name="Test_GZipDecompress_DecompressesData" executed="True" result="Success" success="True" time="0.000" asserts="0" />
                              <test-case name="Test_GZipCompressString_Works" executed="True" result="Success" success="True" time="0.000" asserts="0" />
                              <test-case name="Test_DeflateCompress_CompressesData" executed="True" result="Success" success="True" time="0.000" asserts="0" />
                              <test-case name="Test_DeflateDecompress_DecompressesData" executed="True" result="Success" success="True" time="0.000" asserts="0" />
                              <test-case name="Test_ZLibCompress_CompressesData" executed="True" result="Success" success="True" time="0.000" asserts="0" />
                              <test-case name="Test_ZLibDecompress_DecompressesData" executed="True" result="Success" success="True" time="0.000" asserts="0" />
                              <test-case name="Test_IsGZipData_ReturnsTrueForGZip" executed="True" result="Success" success="True" time="0.000" asserts="0" />
                              <test-case name="Test_IsGZipData_ReturnsFalseForRaw" executed="True" result="Success" success="True" time="0.000" asserts="0" />
                              <test-case name="Test_IsValidZip_ReturnsTrueForZip" executed="True" result="Success" success="True" time="0.001" asserts="0" />
                              <test-case name="Test_IsValidZip_ReturnsFalseForText" executed="True" result="Success" success="True" time="0.001" asserts="0" />
                              <test-case name="Test_CalculateRatio_Correct" executed="True" result="Success" success="True" time="0.000" asserts="0" />
                              <test-case name="Test_ZipDirectory_CreatesArchive" executed="True" result="Success" success="True" time="0.005" asserts="0" />
                              <test-case name="Test_UnzipToDirectory_Extracts" executed="True" result="Success" success="True" time="0.004" asserts="0" />
                              <test-case name="Test_ZipFiles_ZipsMultipleFiles" executed="True" result="Success" success="True" time="0.003" asserts="0" />
                            </results>
                          </test-suite>
                          <test-suite type="Fixture" name="TTestCompressionBuilder" executed="True" result="Success" success="True" time="0.000" >
                            <results>
                              <test-case name="Test_Create_DefaultLevel" executed="True" result="Success" success="True" time="0.000" asserts="0" />
                              <test-case name="Test_Level_SetsLevel" executed="True" result="Success" success="True" time="0.000" asserts="0" />
                              <test-case name="Test_Format_SetsFormat" executed="True" result="Success" success="True" time="0.000" asserts="0" />
                              <test-case name="Test_Compress_CompressesData" executed="True" result="Success" success="True" time="0.000" asserts="0" />
                              <test-case name="Test_Decompress_DecompressesData" executed="True" result="Success" success="True" time="0.000" asserts="0" />
                              <test-case name="Test_FluentChaining" executed="True" result="Success" success="True" time="0.000" asserts="0" />
                              <test-case name="Test_CompressStream_WritesToDest" executed="True" result="Success" success="True" time="0.000" asserts="0" />
                              <test-case name="Test_OnProgress_Callback" executed="True" result="Success" success="True" time="0.000" asserts="0" />
                            </results>
                          </test-suite>
                          <test-suite type="Fixture" name="TTestCompressionStats" executed="True" result="Success" success="True" time="0.000" >
                            <results>
                              <test-case name="Test_ToString_FormatsCorrectly" executed="True" result="Success" success="True" time="0.000" asserts="0" />
                              <test-case name="Test_CompressionRatio_Calculated" executed="True" result="Success" success="True" time="0.000" asserts="0" />
                            </results>
                          </test-suite>
                          <test-suite type="Fixture" name="TTestDeflateCompressor" executed="True" result="Success" success="True" time="0.000" >
                            <results>
                              <test-case name="Test_CompressBytes_Deflate" executed="True" result="Success" success="True" time="0.000" asserts="0" />
                              <test-case name="Test_DecompressBytes_Deflate" executed="True" result="Success" success="True" time="0.000" asserts="0" />
                              <test-case name="Test_CompressBytes_ZLib" executed="True" result="Success" success="True" time="0.000" asserts="0" />
                              <test-case name="Test_DecompressBytes_ZLib" executed="True" result="Success" success="True" time="0.000" asserts="0" />
                              <test-case name="Test_FormatProperty_CanChange" executed="True" result="Success" success="True" time="0.000" asserts="0" />
                              <test-case name="Test_RoundTrip_AllFormats" executed="True" result="Success" success="True" time="0.000" asserts="0" />
                            </results>
                          </test-suite>
                          <test-suite type="Fixture" name="TTestGZipCompressor" executed="True" result="Success" success="True" time="0.039" >
                            <results>
                              <test-case name="Test_CompressBytes_ReturnsSmaller" executed="True" result="Success" success="True" time="0.000" asserts="0" />
                              <test-case name="Test_DecompressBytes_RestoresOriginal" executed="True" result="Success" success="True" time="0.001" asserts="0" />
                              <test-case name="Test_CompressString_WithUTF8" executed="True" result="Success" success="True" time="0.000" asserts="0" />
                              <test-case name="Test_DecompressString_RestoresText" executed="True" result="Success" success="True" time="0.000" asserts="0" />
                              <test-case name="Test_CompressStream_WritesData" executed="True" result="Success" success="True" time="0.000" asserts="0" />
                              <test-case name="Test_DecompressStream_RestoresData" executed="True" result="Success" success="True" time="0.000" asserts="0" />
                              <test-case name="Test_CompressionLevel_Fastest" executed="True" result="Success" success="True" time="0.000" asserts="0" />
                              <test-case name="Test_CompressionLevel_Max" executed="True" result="Success" success="True" time="0.000" asserts="0" />
                              <test-case name="Test_CompressFile_CreatesFile" executed="True" result="Success" success="True" time="0.003" asserts="0" />
                              <test-case name="Test_DecompressFile_RestoresFile" executed="True" result="Success" success="True" time="0.005" asserts="0" />
                              <test-case name="Test_RoundTrip_LargeData" executed="True" result="Success" success="True" time="0.030" asserts="0" />
                            </results>
                          </test-suite>
                          <test-suite type="Fixture" name="TTestZipArchiveReader" executed="True" result="Success" success="True" time="0.045" >
                            <results>
                              <test-case name="Test_EntryCount_ReturnsCorrect" executed="True" result="Success" success="True" time="0.000" asserts="0" />
                              <test-case name="Test_ContainsEntry_ReturnsTrue" executed="True" result="Success" success="True" time="0.002" asserts="0" />
                              <test-case name="Test_ContainsEntry_ReturnsFalse" executed="True" result="Success" success="True" time="0.000" asserts="0" />
                              <test-case name="Test_FindEntry_ReturnsIndex" executed="True" result="Success" success="True" time="0.001" asserts="0" />
                              <test-case name="Test_GetEntry_ReturnsInfo" executed="True" result="Success" success="True" time="0.001" asserts="0" />
                              <test-case name="Test_ReadBytes_ReturnsContent" executed="True" result="Success" success="True" time="0.000" asserts="0" />
                              <test-case name="Test_ReadString_ReturnsText" executed="True" result="Success" success="True" time="0.000" asserts="0" />
                              <test-case name="Test_ExtractToStream_ExtractsData" executed="True" result="Success" success="True" time="0.000" asserts="0" />
                              <test-case name="Test_ExtractToFile_CreatesFile" executed="True" result="Success" success="True" time="0.001" asserts="0" />
                              <test-case name="Test_ExtractAll_ExtractsAllFiles" executed="True" result="Success" success="True" time="0.003" asserts="0" />
                              <test-case name="Test_GetEntries_ReturnsAllEntries" executed="True" result="Success" success="True" time="0.000" asserts="0" />
                            </results>
                          </test-suite>
                          <test-suite type="Fixture" name="TTestZipArchiveWriter" executed="True" result="Success" success="True" time="0.040" >
                            <results>
                              <test-case name="Test_Create_CreatesFile" executed="True" result="Success" success="True" time="0.000" asserts="0" />
                              <test-case name="Test_AddBytes_AddsEntry" executed="True" result="Success" success="True" time="0.001" asserts="0" />
                              <test-case name="Test_AddString_AddsEntry" executed="True" result="Success" success="True" time="0.000" asserts="0" />
                              <test-case name="Test_AddFile_AddsEntry" executed="True" result="Success" success="True" time="0.002" asserts="0" />
                              <test-case name="Test_AddStream_AddsEntry" executed="True" result="Success" success="True" time="0.001" asserts="0" />
                              <test-case name="Test_AddDirectory_AddsAllFiles" executed="True" result="Success" success="True" time="0.008" asserts="0" />
                              <test-case name="Test_CompressionLevel_Affects_Size" executed="True" result="Success" success="True" time="0.002" asserts="0" />
                              <test-case name="Test_SetComment_SetsArchiveComment" executed="True" result="Success" success="True" time="0.001" asserts="0" />
                            </results>
                          </test-suite>
                          <test-suite type="Fixture" name="TTestZipEntryInfo" executed="True" result="Success" success="True" time="0.000" >
                            <results>
                              <test-case name="Test_CompressionRatio_Calculated" executed="True" result="Success" success="True" time="0.000" asserts="0" />
                              <test-case name="Test_CompressionRatio_ZeroSize" executed="True" result="Success" success="True" time="0.000" asserts="0" />
                            </results>
                          </test-suite>
                      </results>
                    </test-suite>
                    <test-suite type="Namespace" name="DateTime" executed="true" result="Success" success="True" time="0.001" asserts="0" >
                      <results>
                          <test-suite type="Fixture" name="TBusinessDaysTests" executed="True" result="Success" success="True" time="0.000" >
                            <results>
                              <test-case name="Test_IsWeekend_Saturday" executed="True" result="Success" success="True" time="0.000" asserts="0" />
                              <test-case name="Test_IsWeekend_Sunday" executed="True" result="Success" success="True" time="0.000" asserts="0" />
                              <test-case name="Test_IsWeekend_Weekday" executed="True" result="Success" success="True" time="0.000" asserts="0" />
                              <test-case name="Test_IsBusinessDay" executed="True" result="Success" success="True" time="0.000" asserts="0" />
                              <test-case name="Test_AddHoliday" executed="True" result="Success" success="True" time="0.000" asserts="0" />
                              <test-case name="Test_IsHoliday" executed="True" result="Success" success="True" time="0.000" asserts="0" />
                              <test-case name="Test_AddBusinessDays" executed="True" result="Success" success="True" time="0.000" asserts="0" />
                              <test-case name="Test_BusinessDaysBetween" executed="True" result="Success" success="True" time="0.000" asserts="0" />
                              <test-case name="Test_NextBusinessDay" executed="True" result="Success" success="True" time="0.000" asserts="0" />
                              <test-case name="Test_PreviousBusinessDay" executed="True" result="Success" success="True" time="0.000" asserts="0" />
                            </results>
                          </test-suite>
                          <test-suite type="Fixture" name="TDateRangeTests" executed="True" result="Success" success="True" time="0.000" >
                            <results>
                              <test-case name="Test_Create" executed="True" result="Success" success="True" time="0.000" asserts="0" />
                              <test-case name="Test_Contains_True" executed="True" result="Success" success="True" time="0.000" asserts="0" />
                              <test-case name="Test_Contains_False" executed="True" result="Success" success="True" time="0.000" asserts="0" />
                              <test-case name="Test_Overlaps_True" executed="True" result="Success" success="True" time="0.000" asserts="0" />
                              <test-case name="Test_Overlaps_False" executed="True" result="Success" success="True" time="0.000" asserts="0" />
                              <test-case name="Test_Duration" executed="True" result="Success" success="True" time="0.000" asserts="0" />
                              <test-case name="Test_DayCount" executed="True" result="Success" success="True" time="0.000" asserts="0" />
                              <test-case name="Test_Intersection" executed="True" result="Success" success="True" time="0.000" asserts="0" />
                              <test-case name="Test_Union" executed="True" result="Success" success="True" time="0.000" asserts="0" />
                              <test-case name="Test_ToString" executed="True" result="Success" success="True" time="0.000" asserts="0" />
                              <test-case name="Test_Today" executed="True" result="Success" success="True" time="0.000" asserts="0" />
                              <test-case name="Test_ThisWeek" executed="True" result="Success" success="True" time="0.000" asserts="0" />
                              <test-case name="Test_ThisMonth" executed="True" result="Success" success="True" time="0.000" asserts="0" />
                              <test-case name="Test_ThisYear" executed="True" result="Success" success="True" time="0.000" asserts="0" />
                              <test-case name="Test_LastNDays" executed="True" result="Success" success="True" time="0.000" asserts="0" />
                            </results>
                          </test-suite>
                          <test-suite type="Fixture" name="TDateTimeCalcTests" executed="True" result="Success" success="True" time="0.000" >
                            <results>
                              <test-case name="Test_Add_Days" executed="True" result="Success" success="True" time="0.000" asserts="0" />
                              <test-case name="Test_Add_Months" executed="True" result="Success" success="True" time="0.000" asserts="0" />
                              <test-case name="Test_Add_Years" executed="True" result="Success" success="True" time="0.000" asserts="0" />
                              <test-case name="Test_Subtract_Days" executed="True" result="Success" success="True" time="0.000" asserts="0" />
                              <test-case name="Test_Diff_Days" executed="True" result="Success" success="True" time="0.000" asserts="0" />
                              <test-case name="Test_DiffSpan" executed="True" result="Success" success="True" time="0.000" asserts="0" />
                              <test-case name="Test_StartOfDay" executed="True" result="Success" success="True" time="0.000" asserts="0" />
                              <test-case name="Test_EndOfDay" executed="True" result="Success" success="True" time="0.000" asserts="0" />
                              <test-case name="Test_StartOfWeek" executed="True" result="Success" success="True" time="0.000" asserts="0" />
                              <test-case name="Test_EndOfWeek" executed="True" result="Success" success="True" time="0.000" asserts="0" />
                              <test-case name="Test_StartOfMonth" executed="True" result="Success" success="True" time="0.000" asserts="0" />
                              <test-case name="Test_EndOfMonth" executed="True" result="Success" success="True" time="0.000" asserts="0" />
                              <test-case name="Test_StartOfYear" executed="True" result="Success" success="True" time="0.000" asserts="0" />
                              <test-case name="Test_EndOfYear" executed="True" result="Success" success="True" time="0.000" asserts="0" />
                              <test-case name="Test_NextDayOfWeek" executed="True" result="Success" success="True" time="0.000" asserts="0" />
                              <test-case name="Test_PreviousDayOfWeek" executed="True" result="Success" success="True" time="0.000" asserts="0" />
                              <test-case name="Test_RoundToMinute" executed="True" result="Success" success="True" time="0.000" asserts="0" />
                              <test-case name="Test_RoundToHour" executed="True" result="Success" success="True" time="0.000" asserts="0" />
                              <test-case name="Test_Clamp" executed="True" result="Success" success="True" time="0.000" asserts="0" />
                              <test-case name="Test_Min" executed="True" result="Success" success="True" time="0.000" asserts="0" />
                              <test-case name="Test_Max" executed="True" result="Success" success="True" time="0.000" asserts="0" />
                            </results>
                          </test-suite>
                          <test-suite type="Fixture" name="TDateTimeFormatTests" executed="True" result="Success" success="True" time="0.000" >
                            <results>
                              <test-case name="Test_ToISO8601_WithTime" executed="True" result="Success" success="True" time="0.000" asserts="0" />
                              <test-case name="Test_ToISO8601_DateOnly" executed="True" result="Success" success="True" time="0.000" asserts="0" />
                              <test-case name="Test_FromISO8601" executed="True" result="Success" success="True" time="0.000" asserts="0" />
                              <test-case name="Test_TryFromISO8601_Valid" executed="True" result="Success" success="True" time="0.000" asserts="0" />
                              <test-case name="Test_TryFromISO8601_Invalid" executed="True" result="Success" success="True" time="0.000" asserts="0" />
                              <test-case name="Test_ToUnixTime" executed="True" result="Success" success="True" time="0.000" asserts="0" />
                              <test-case name="Test_FromUnixTime" executed="True" result="Success" success="True" time="0.000" asserts="0" />
                              <test-case name="Test_ToUnixTimeMs" executed="True" result="Success" success="True" time="0.000" asserts="0" />
                              <test-case name="Test_FromUnixTimeMs" executed="True" result="Success" success="True" time="0.000" asserts="0" />
                              <test-case name="Test_Format" executed="True" result="Success" success="True" time="0.000" asserts="0" />
                              <test-case name="Test_Parse" executed="True" result="Success" success="True" time="0.000" asserts="0" />
                              <test-case name="Test_TryParse_Valid" executed="True" result="Success" success="True" time="0.000" asserts="0" />
                              <test-case name="Test_TryParse_Invalid" executed="True" result="Success" success="True" time="0.000" asserts="0" />
                              <test-case name="Test_ToShortDate" executed="True" result="Success" success="True" time="0.000" asserts="0" />
                              <test-case name="Test_ToLongDate" executed="True" result="Success" success="True" time="0.000" asserts="0" />
                              <test-case name="Test_ToShortTime" executed="True" result="Success" success="True" time="0.000" asserts="0" />
                              <test-case name="Test_ToLongTime" executed="True" result="Success" success="True" time="0.000" asserts="0" />
                              <test-case name="Test_ToSortable" executed="True" result="Success" success="True" time="0.000" asserts="0" />
                              <test-case name="Test_ToFileSafe" executed="True" result="Success" success="True" time="0.000" asserts="0" />
                            </results>
                          </test-suite>
                          <test-suite type="Fixture" name="TDateTimeUtilsTests" executed="True" result="Success" success="True" time="0.000" >
                            <results>
                              <test-case name="Test_Now" executed="True" result="Success" success="True" time="0.000" asserts="0" />
                              <test-case name="Test_UtcNow" executed="True" result="Success" success="True" time="0.000" asserts="0" />
                              <test-case name="Test_Today" executed="True" result="Success" success="True" time="0.000" asserts="0" />
                              <test-case name="Test_Create_Date" executed="True" result="Success" success="True" time="0.000" asserts="0" />
                              <test-case name="Test_Create_DateTime" executed="True" result="Success" success="True" time="0.000" asserts="0" />
                              <test-case name="Test_CreateTime" executed="True" result="Success" success="True" time="0.000" asserts="0" />
                              <test-case name="Test_IsValidDate_True" executed="True" result="Success" success="True" time="0.000" asserts="0" />
                              <test-case name="Test_IsValidDate_False" executed="True" result="Success" success="True" time="0.000" asserts="0" />
                              <test-case name="Test_IsValidTime_True" executed="True" result="Success" success="True" time="0.000" asserts="0" />
                              <test-case name="Test_IsValidTime_False" executed="True" result="Success" success="True" time="0.000" asserts="0" />
                              <test-case name="Test_IsLeapYear" executed="True" result="Success" success="True" time="0.000" asserts="0" />
                              <test-case name="Test_DaysInMonth" executed="True" result="Success" success="True" time="0.000" asserts="0" />
                              <test-case name="Test_DaysInYear" executed="True" result="Success" success="True" time="0.000" asserts="0" />
                              <test-case name="Test_GetYear" executed="True" result="Success" success="True" time="0.000" asserts="0" />
                              <test-case name="Test_GetMonth" executed="True" result="Success" success="True" time="0.000" asserts="0" />
                              <test-case name="Test_GetDay" executed="True" result="Success" success="True" time="0.000" asserts="0" />
                              <test-case name="Test_GetHour" executed="True" result="Success" success="True" time="0.000" asserts="0" />
                              <test-case name="Test_GetMinute" executed="True" result="Success" success="True" time="0.000" asserts="0" />
                              <test-case name="Test_GetSecond" executed="True" result="Success" success="True" time="0.000" asserts="0" />
                              <test-case name="Test_GetDayOfWeek" executed="True" result="Success" success="True" time="0.000" asserts="0" />
                              <test-case name="Test_GetDayOfYear" executed="True" result="Success" success="True" time="0.000" asserts="0" />
                              <test-case name="Test_GetWeekOfYear" executed="True" result="Success" success="True" time="0.000" asserts="0" />
                              <test-case name="Test_GetQuarter" executed="True" result="Success" success="True" time="0.000" asserts="0" />
                              <test-case name="Test_DatePart" executed="True" result="Success" success="True" time="0.000" asserts="0" />
                              <test-case name="Test_TimePart" executed="True" result="Success" success="True" time="0.000" asserts="0" />
                              <test-case name="Test_Age" executed="True" result="Success" success="True" time="0.000" asserts="0" />
                              <test-case name="Test_IsSameDay" executed="True" result="Success" success="True" time="0.000" asserts="0" />
                              <test-case name="Test_IsSameMonth" executed="True" result="Success" success="True" time="0.000" asserts="0" />
                              <test-case name="Test_IsSameYear" executed="True" result="Success" success="True" time="0.000" asserts="0" />
                              <test-case name="Test_IsBefore" executed="True" result="Success" success="True" time="0.000" asserts="0" />
[...]
                            </results>
                          </test-suite>
                      </results>
                    </test-suite>
                    <test-suite type="Namespace" name="Plural" executed="true" result="Success" success="True" time="0.001" asserts="0" >
                      <results>
                          <test-suite type="Fixture" name="TAdditionalLanguageTests" executed="True" result="Success" success="True" time="0.000" >
                            <results>
                              <test-case name="Test_German" executed="True" result="Success" success="True" time="0.000" asserts="0" />
                              <test-case name="Test_Lithuanian_One" executed="True" result="Success" success="True" time="0.000" asserts="0" />
                              <test-case name="Test_Lithuanian_Few" executed="True" result="Success" success="True" time="0.000" asserts="0" />
                              <test-case name="Test_Lithuanian_Other" executed="True" result="Success" success="True" time="0.000" asserts="0" />
                              <test-case name="Test_Latvian_Zero" executed="True" result="Success" success="True" time="0.000" asserts="0" />
                              <test-case name="Test_Latvian_One" executed="True" result="Success" success="True" time="0.000" asserts="0" />
                              <test-case name="Test_Latvian_Other" executed="True" result="Success" success="True" time="0.000" asserts="0" />
                              <test-case name="Test_Slovenian_One" executed="True" result="Success" success="True" time="0.000" asserts="0" />
                              <test-case name="Test_Slovenian_Two" executed="True" result="Success" success="True" time="0.000" asserts="0" />
                              <test-case name="Test_Slovenian_Few" executed="True" result="Success" success="True" time="0.000" asserts="0" />
                              <test-case name="Test_Slovenian_Other" executed="True" result="Success" success="True" time="0.000" asserts="0" />
                              <test-case name="Test_Hebrew_One" executed="True" result="Success" success="True" time="0.000" asserts="0" />
                              <test-case name="Test_Hebrew_Two" executed="True" result="Success" success="True" time="0.000" asserts="0" />
                              <test-case name="Test_Hebrew_Other" executed="True" result="Success" success="True" time="0.000" asserts="0" />
                              <test-case name="Test_Romanian_One" executed="True" result="Success" success="True" time="0.000" asserts="0" />
                              <test-case name="Test_Romanian_Few" executed="True" result="Success" success="True" time="0.000" asserts="0" />
                              <test-case name="Test_Romanian_Other" executed="True" result="Success" success="True" time="0.000" asserts="0" />
                            </results>
                          </test-suite>
                          <test-suite type="Fixture" name="TArabicPluralTests" executed="True" result="Success" success="True" time="0.000" >
                            <results>
                              <test-case name="Test_Arabic_Zero" executed="True" result="Success" success="True" time="0.000" asserts="0" />
                              <test-case name="Test_Arabic_One" executed="True" result="Success" success="True" time="0.000" asserts="0" />
                              <test-case name="Test_Arabic_Two" executed="True" result="Success" success="True" time="0.000" asserts="0" />
                              <test-case name="Test_Arabic_Few" executed="True" result="Success" success="True" time="0.000" asserts="0" />
                              <test-case name="Test_Arabic_Many" executed="True" result="Success" success="True" time="0.000" asserts="0" />
                              <test-case name="Test_Arabic_Other" executed="True" result="Success" success="True" time="0.000" asserts="0" />
                              <test-case name="Test_Arabic_Categories" executed="True" result="Success" success="True" time="0.000" asserts="0" />
                            </results>
                          </test-suite>
                          <test-suite type="Fixture" name="TCJKPluralTests" executed="True" result="Success" success="True" time="0.000" >
                            <results>
                              <test-case name="Test_Chinese_AllOther" executed="True" result="Success" success="True" time="0.000" asserts="0" />
                              <test-case name="Test_Japanese_AllOther" executed="True" result="Success" success="True" time="0.000" asserts="0" />
                              <test-case name="Test_Korean_AllOther" executed="True" result="Success" success="True" time="0.000" asserts="0" />
                              <test-case name="Test_Chinese_Categories" executed="True" result="Success" success="True" time="0.000" asserts="0" />
                            </results>
                          </test-suite>
                          <test-suite type="Fixture" name="TCustomRuleTests" executed="True" result="Success" success="True" time="0.000" >
                            <results>
                              <test-case name="Test_RegisterCustomRule" executed="True" result="Success" success="True" time="0.000" asserts="0" />
                              <test-case name="Test_OverrideExistingRule" executed="True" result="Success" success="True" time="0.000" asserts="0" />
                            </results>
                          </test-suite>
                          <test-suite type="Fixture" name="TCzechPluralTests" executed="True" result="Success" success="True" time="0.000" >
                            <results>
                              <test-case name="Test_Czech_One" executed="True" result="Success" success="True" time="0.000" asserts="0" />
                              <test-case name="Test_Czech_Few" executed="True" result="Success" success="True" time="0.000" asserts="0" />
                              <test-case name="Test_Czech_Other" executed="True" result="Success" success="True" time="0.000" asserts="0" />
                              <test-case name="Test_Czech_Categories" executed="True" result="Success" success="True" time="0.000" asserts="0" />
                            </results>
                          </test-suite>
                          <test-suite type="Fixture" name="TDecimalPluralTests" executed="True" result="Success" success="True" time="0.000" >
                            <results>
                              <test-case name="Test_English_Decimal_1_0" executed="True" result="Success" success="True" time="0.000" asserts="0" />
                              <test-case name="Test_English_Decimal_1_5" executed="True" result="Success" success="True" time="0.000" asserts="0" />
                              <test-case name="Test_Russian_Decimal" executed="True" result="Success" success="True" time="0.000" asserts="0" />
                              <test-case name="Test_French_Decimal" executed="True" result="Success" success="True" time="0.000" asserts="0" />
                            </results>
                          </test-suite>
                          <test-suite type="Fixture" name="TEnglishPluralTests" executed="True" result="Success" success="True" time="0.000" >
                            <results>
                              <test-case name="Test_English_Zero" executed="True" result="Success" success="True" time="0.000" asserts="0" />
                              <test-case name="Test_English_One" executed="True" result="Success" success="True" time="0.000" asserts="0" />
                              <test-case name="Test_English_Two" executed="True" result="Success" success="True" time="0.000" asserts="0" />
                              <test-case name="Test_English_Many" executed="True" result="Success" success="True" time="0.000" asserts="0" />
                              <test-case name="Test_English_Negative" executed="True" result="Success" success="True" time="0.000" asserts="0" />
                              <test-case name="Test_English_Decimal" executed="True" result="Success" success="True" time="0.000" asserts="0" />
                              <test-case name="Test_English_Categories" executed="True" result="Success" success="True" time="0.000" asserts="0" />
                              <test-case name="Test_English_HasCategory" executed="True" result="Success" success="True" time="0.000" asserts="0" />
                            </results>
                          </test-suite>
                          <test-suite type="Fixture" name="TFrenchPluralTests" executed="True" result="Success" success="True" time="0.000" >
                            <results>
                              <test-case name="Test_French_Zero" executed="True" result="Success" success="True" time="0.000" asserts="0" />
                              <test-case name="Test_French_One" executed="True" result="Success" success="True" time="0.000" asserts="0" />
                              <test-case name="Test_French_Two" executed="True" result="Success" success="True" time="0.000" asserts="0" />
                              <test-case name="Test_French_Categories" executed="True" result="Success" success="True" time="0.000" asserts="0" />
                            </results>
                          </test-suite>
                          <test-suite type="Fixture" name="TGlobalFunctionTests" executed="True" result="Success" success="True" time="0.000" >
                            <results>
                              <test-case name="Test_GetPluralForm_Integer" executed="True" result="Success" success="True" time="0.000" asserts="0" />
                              <test-case name="Test_GetPluralForm_Double" executed="True" result="Success" success="True" time="0.000" asserts="0" />
                              <test-case name="Test_PluralSelect_Integer" executed="True" result="Success" success="True" time="0.000" asserts="0" />
                              <test-case name="Test_PluralSelect_Double" executed="True" result="Success" success="True" time="0.000" asserts="0" />
                            </results>
                          </test-suite>
                          <test-suite type="Fixture" name="TIrishPluralTests" executed="True" result="Success" success="True" time="0.000" >
                            <results>
                              <test-case name="Test_Irish_One" executed="True" result="Success" success="True" time="0.000" asserts="0" />
                              <test-case name="Test_Irish_Two" executed="True" result="Success" success="True" time="0.000" asserts="0" />
                              <test-case name="Test_Irish_Few" executed="True" result="Success" success="True" time="0.000" asserts="0" />
                              <test-case name="Test_Irish_Many" executed="True" result="Success" success="True" time="0.000" asserts="0" />
                              <test-case name="Test_Irish_Other" executed="True" result="Success" success="True" time="0.000" asserts="0" />
                            </results>
                          </test-suite>
                          <test-suite type="Fixture" name="TLanguageFallbackTests" executed="True" result="Success" success="True" time="0.000" >
                            <results>
                              <test-case name="Test_LanguageCode_CaseInsensitive" executed="True" result="Success" success="True" time="0.000" asserts="0" />
                              <test-case name="Test_LanguageVariant_FallsBackToBase" executed="True" result="Success" success="True" time="0.000" asserts="0" />
                              <test-case name="Test_UnknownLanguage_FallsBackToEnglish" executed="True" result="Success" success="True" time="0.000" asserts="0" />
                              <test-case name="Test_PortugueseBrazil" executed="True" result="Success" success="True" time="0.000" asserts="0" />
                            </results>
                          </test-suite>
                          <test-suite type="Fixture" name="TPluralCategoryTests" executed="True" result="Success" success="True" time="0.000" >
                            <results>
                              <test-case name="Test_CategoryName_Zero" executed="True" result="Success" success="True" time="0.000" asserts="0" />
                              <test-case name="Test_CategoryName_One" executed="True" result="Success" success="True" time="0.000" asserts="0" />
                              <test-case name="Test_CategoryName_Two" executed="True" result="Success" success="True" time="0.000" asserts="0" />
                              <test-case name="Test_CategoryName_Few" executed="True" result="Success" success="True" time="0.000" asserts="0" />
                              <test-case name="Test_CategoryName_Many" executed="True" result="Success" success="True" time="0.000" asserts="0" />
                              <test-case name="Test_CategoryName_Other" executed="True" result="Success" success="True" time="0.000" asserts="0" />
                              <test-case name="Test_ParseCategory_Zero" executed="True" result="Success" success="True" time="0.000" asserts="0" />
                              <test-case name="Test_ParseCategory_One" executed="True" result="Success" success="True" time="0.000" asserts="0" />
                              <test-case name="Test_ParseCategory_CaseInsensitive" executed="True" result="Success" success="True" time="0.000" asserts="0" />
                              <test-case name="Test_ParseCategory_Unknown" executed="True" result="Success" success="True" time="0.000" asserts="0" />
                            </results>
                          </test-suite>
                          <test-suite type="Fixture" name="TPolishPluralTests" executed="True" result="Success" success="True" time="0.000" >
                            <results>
                              <test-case name="Test_Polish_One" executed="True" result="Success" success="True" time="0.000" asserts="0" />
                              <test-case name="Test_Polish_Few" executed="True" result="Success" success="True" time="0.000" asserts="0" />
                              <test-case name="Test_Polish_Many" executed="True" result="Success" success="True" time="0.000" asserts="0" />
                              <test-case name="Test_Polish_Categories" executed="True" result="Success" success="True" time="0.000" asserts="0" />
                            </results>
                          </test-suite>
                          <test-suite type="Fixture" name="TRussianPluralTests" executed="True" result="Success" success="True" time="0.000" >
                            <results>
                              <test-case name="Test_Russian_One" executed="True" result="Success" success="True" time="0.000" asserts="0" />
                              <test-case name="Test_Russian_Few_2" executed="True" result="Success" success="True" time="0.000" asserts="0" />
                              <test-case name="Test_Russian_Few_3" executed="True" result="Success" success="True" time="0.000" asserts="0" />
                              <test-case name="Test_Russian_Few_4" executed="True" result="Success" success="True" time="0.000" asserts="0" />
                              <test-case name="Test_Russian_Many_0" executed="True" result="Success" success="True" time="0.000" asserts="0" />
                              <test-case name="Test_Russian_Many_5" executed="True" result="Success" success="True" time="0.000" asserts="0" />
                              <test-case name="Test_Russian_Many_11" executed="True" result="Success" success="True" time="0.000" asserts="0" />
                              <test-case name="Test_Russian_Many_20" executed="True" result="Success" success="True" time="0.000" asserts="0" />
                              <test-case name="Test_Russian_21" executed="True" result="Success" success="True" time="0.000" asserts="0" />
                              <test-case name="Test_Russian_22" executed="True" result="Success" success="True" time="0.000" asserts="0" />
                              <test-case name="Test_Russian_25" executed="True" result="Success" success="True" time="0.000" asserts="0" />
                              <test-case name="Test_Russian_100" executed="True" result="Success" success="True" time="0.000" asserts="0" />
                              <test-case name="Test_Russian_101" executed="True" result="Success" success="True" time="0.000" asserts="0" />
                              <test-case name="Test_Russian_102" executed="True" result="Success" success="True" time="0.000" asserts="0" />
                              <test-case name="Test_Russian_111" executed="True" result="Success" success="True" time="0.000" asserts="0" />
                              <test-case name="Test_Russian_Categories" executed="True" result="Success" success="True" time="0.000" asserts="0" />
                            </results>
                          </test-suite>
                          <test-suite type="Fixture" name="TSelectFormTests" executed="True" result="Success" success="True" time="0.000" >
                            <results>
                              <test-case name="Test_SelectForm_EmptyArray" executed="True" result="Success" success="True" time="0.000" asserts="0" />
                              <test-case name="Test_SelectForm_SingleForm" executed="True" result="Success" success="True" time="0.000" asserts="0" />
                              <test-case name="Test_SelectForm_English" executed="True" result="Success" success="True" time="0.000" asserts="0" />
                              <test-case name="Test_SelectForm_Russian" executed="True" result="Success" success="True" time="0.000" asserts="0" />
                              <test-case name="Test_SelectForm_Arabic" executed="True" result="Success" success="True" time="0.000" asserts="0" />
                              <test-case name="Test_SelectForm_FallbackToLast" executed="True" result="Success" success="True" time="0.000" asserts="0" />
                            </results>
                          </test-suite>
                          <test-suite type="Fixture" name="TWelshPluralTests" executed="True" result="Success" success="True" time="0.000" >
                            <results>
                              <test-case name="Test_Welsh_Zero" executed="True" result="Success" success="True" time="0.000" asserts="0" />
                              <test-case name="Test_Welsh_One" executed="True" result="Success" success="True" time="0.000" asserts="0" />
                              <test-case name="Test_Welsh_Two" executed="True" result="Success" success="True" time="0.000" asserts="0" />
                              <test-case name="Test_Welsh_Few" executed="True" result="Success" success="True" time="0.000" asserts="0" />
                              <test-case name="Test_Welsh_Many" executed="True" result="Success" success="True" time="0.000" asserts="0" />
                              <test-case name="Test_Welsh_Other" executed="True" result="Success" success="True" time="0.000" asserts="0" />
                              <test-case name="Test_Welsh_Categories" executed="True" result="Success" success="True" time="0.000" asserts="0" />
                            </results>
                          </test-suite>
                      </results>
                    </test-suite>
                </results>
              </test-suite>
          </results>
        </test-suite>
    </results>
  </test-suite>
</test-results>
