<?xml version="1.0" encoding="UTF-8" standalone="yes" ?>
<test-results name="D:\_Progs\02Business\DeepBase\Tests\DeepBaseTests.exe" total="10" errors="2" failures="1" ignored="0" inconclusive="0" not-run="0" skipped="0" invalid="0" date="2026-06-11" time="09:57:05">
  <culture-info current-culture="en" current-uiculture="en" />
  <test-suite type="Assembly" name="DeepBaseTests.exe" executed="true" result="Failure" success="False" time="09:57:05" asserts="0">
    <results>
        <test-suite type="Namespace" name="Test" executed="true" result="Failure" success="False" time="1.554" asserts="0" >
          <results>
              <test-suite type="Namespace" name="AutoFix" executed="true" result="Failure" success="False" time="1.554" asserts="0" >
                <results>
                    <test-suite type="Fixture" name="TAutoFixErrorRecorderPropertyTests" executed="True" result="Success" success="True" time="0.309" >
                      <results>
                        <test-case name="Property1_JsonlFieldsComplete" executed="True" result="Error" success="False" time="0.003" asserts="0" >
                          <failure>
                            <message>
                              <![CDATA[ Cannot create file "D:\Temp\autofix-test-a5934914-a2f2-42b9-82a9-ec0bab03b7cf\runtime-errors.jsonl". 另一个程序正在使用此文件，进程无法访问。
[D:\Temp\autofix-test-a5934914-a2f2-42b9-82a9-ec0bab03b7cf\runtime-errors.jsonl] ]]>
                            </message>
                            <stack-trace>
                              <![CDATA[  ]]>
                            </stack-trace>
                          </failure>
                        </test-case>
                        <test-case name="Property2_RunIdIsUuidV4AndConsistent" executed="True" result="Error" success="False" time="0.014" asserts="0" >
                          <failure>
                            <message>
                              <![CDATA[ Cannot create file "D:\Temp\autofix-test-f381c73b-50ae-49ce-9b4b-e48ea47de34f\runtime-errors.jsonl". 另一个程序正在使用此文件，进程无法访问。
[D:\Temp\autofix-test-f381c73b-50ae-49ce-9b4b-e48ea47de34f\runtime-errors.jsonl] ]]>
                            </message>
                            <stack-trace>
                              <![CDATA[  ]]>
                            </stack-trace>
                          </failure>
                        </test-case>
                        <test-case name="Property18_InstallIdempotentAndScenarioReplacement" executed="True" result="Success" success="True" time="0.080" asserts="0" />
                        <test-case name="Property19_ZeroIoWithoutAutofixMode" executed="True" result="Success" success="True" time="0.202" asserts="0" />
                      </results>
                    </test-suite>
                    <test-suite type="Fixture" name="TAutoFixExitCodesPBT" executed="True" result="Success" success="True" time="0.001" >
                      <results>
                        <test-case name="Property5_ExitCodeMatchesScenario" executed="True" result="Success" success="True" time="0.000" asserts="0" />
                        <test-case name="Property6_FatalExitReasonComplete" executed="True" result="Success" success="True" time="0.000" asserts="0" />
                      </results>
                    </test-suite>
                    <test-suite type="Fixture" name="TAutoFixHealthSignalPropertyTests" executed="True" result="Success" success="True" time="1.234" >
                      <results>
                        <test-case name="Property7_FieldsCompleteAndRunIdMatches" executed="True" result="Success" success="True" time="1.234" asserts="0" />
                      </results>
                    </test-suite>
                    <test-suite type="Fixture" name="TAutoFixScenarioRunnerPropertyTests" executed="True" result="Failure" success="False" time="0.006" >
                      <results>
                        <test-case name="Property8_ScenarioOrderAndStatus" executed="True" result="Failure" success="False" time="0.006" asserts="0" >
                          <failure>
                            <message>
                              <![CDATA[ Expected [sync] but got [backup] Iter 1 step 0: order mismatch ]]>
                            </message>
                            <stack-trace>
                              <![CDATA[  ]]>
                            </stack-trace>
                          </failure>
                        </test-case>
                      </results>
                    </test-suite>
                    <test-suite type="Fixture" name="TAutoFixStackWalkerPropertyTests" executed="True" result="Success" success="True" time="0.004" >
                      <results>
                        <test-case name="Property3_StackFrameRvaResolvesBackToModule" executed="True" result="Success" success="True" time="0.002" asserts="0" />
                        <test-case name="Property4_StackLengthAndTruncationFlag" executed="True" result="Success" success="True" time="0.001" asserts="0" />
                      </results>
                    </test-suite>
                </results>
              </test-suite>
          </results>
        </test-suite>
    </results>
  </test-suite>
</test-results>
