<?xml version="1.0" encoding="UTF-8" standalone="yes" ?>
<test-results name="D:\_Progs\02Business\DeepBase\Tests\DeepBaseTests.exe" total="10" errors="2" failures="0" ignored="0" inconclusive="0" not-run="0" skipped="0" invalid="0" date="2026-06-11" time="10:57:38">
  <culture-info current-culture="en" current-uiculture="en" />
  <test-suite type="Assembly" name="DeepBaseTests.exe" executed="true" result="Failure" success="False" time="10:57:38" asserts="0">
    <results>
        <test-suite type="Namespace" name="Test" executed="true" result="Success" success="True" time="1.957" asserts="0" >
          <results>
              <test-suite type="Namespace" name="AutoFix" executed="true" result="Success" success="True" time="1.957" asserts="0" >
                <results>
                    <test-suite type="Fixture" name="TAutoFixErrorRecorderPropertyTests" executed="True" result="Success" success="True" time="0.549" >
                      <results>
                        <test-case name="Property1_JsonlFieldsComplete" executed="True" result="Success" success="True" time="0.146" asserts="0" />
                        <test-case name="Property2_RunIdIsUuidV4AndConsistent" executed="True" result="Error" success="False" time="0.017" asserts="0" >
                          <failure>
                            <message>
                              <![CDATA[ Cannot create file "D:\Temp\autofix-test-f57f6bb1-4717-4036-bd13-30a0de50554c\scenario-results.jsonl". 另一个程序正在使用此文件，进程无法访问。
[D:\Temp\autofix-test-f57f6bb1-4717-4036-bd13-30a0de50554c\scenario-results.jsonl] ]]>
                            </message>
                            <stack-trace>
                              <![CDATA[  ]]>
                            </stack-trace>
                          </failure>
                        </test-case>
                        <test-case name="Property18_InstallIdempotentAndScenarioReplacement" executed="True" result="Success" success="True" time="0.093" asserts="0" />
                        <test-case name="Property19_ZeroIoWithoutAutofixMode" executed="True" result="Success" success="True" time="0.279" asserts="0" />
                      </results>
                    </test-suite>
                    <test-suite type="Fixture" name="TAutoFixExitCodesPBT" executed="True" result="Success" success="True" time="0.001" >
                      <results>
                        <test-case name="Property5_ExitCodeMatchesScenario" executed="True" result="Success" success="True" time="0.000" asserts="0" />
                        <test-case name="Property6_FatalExitReasonComplete" executed="True" result="Success" success="True" time="0.000" asserts="0" />
                      </results>
                    </test-suite>
                    <test-suite type="Fixture" name="TAutoFixHealthSignalPropertyTests" executed="True" result="Success" success="True" time="1.397" >
                      <results>
                        <test-case name="Property7_FieldsCompleteAndRunIdMatches" executed="True" result="Success" success="True" time="1.397" asserts="0" />
                      </results>
                    </test-suite>
                    <test-suite type="Fixture" name="TAutoFixScenarioRunnerPropertyTests" executed="True" result="Success" success="True" time="0.006" >
                      <results>
                        <test-case name="Property8_ScenarioOrderAndStatus" executed="True" result="Error" success="False" time="0.007" asserts="0" >
                          <failure>
                            <message>
                              <![CDATA[ Cannot create file "D:\Temp\autofix-scen-691e85c5-d59b-4a82-b816-28a99f3f3203\scenario-results.jsonl". 另一个程序正在使用此文件，进程无法访问。
[D:\Temp\autofix-scen-691e85c5-d59b-4a82-b816-28a99f3f3203\scenario-results.jsonl] ]]>
                            </message>
                            <stack-trace>
                              <![CDATA[  ]]>
                            </stack-trace>
                          </failure>
                        </test-case>
                      </results>
                    </test-suite>
                    <test-suite type="Fixture" name="TAutoFixStackWalkerPropertyTests" executed="True" result="Success" success="True" time="0.004" >
                      <results>
                        <test-case name="Property3_StackFrameRvaResolvesBackToModule" executed="True" result="Success" success="True" time="0.003" asserts="0" />
                        <test-case name="Property4_StackLengthAndTruncationFlag" executed="True" result="Success" success="True" time="0.000" asserts="0" />
                      </results>
                    </test-suite>
                </results>
              </test-suite>
          </results>
        </test-suite>
    </results>
  </test-suite>
</test-results>
