<?xml version="1.0" encoding="UTF-8" standalone="yes" ?>
<test-results name="D:\_Progs\02Business\DeepBase\Tests\DeepBaseTests.exe" total="45" errors="0" failures="1" ignored="0" inconclusive="0" not-run="0" skipped="0" invalid="0" date="2026-06-10" time="14:41:02">
  <culture-info current-culture="en" current-uiculture="en" />
  <test-suite type="Assembly" name="DeepBaseTests.exe" executed="true" result="Failure" success="False" time="14:41:02" asserts="0">
    <results>
        <test-suite type="Namespace" name="Test" executed="true" result="Failure" success="False" time="149.873" asserts="0" >
          <results>
              <test-suite type="Namespace" name="DeepBase" executed="true" result="Failure" success="False" time="149.873" asserts="0" >
                <results>
                    <test-suite type="Fixture" name="TBrowserContractPropertyTests" executed="True" result="Success" success="True" time="0.002" >
                      <results>
                        <test-case name="Property31_GetTextScriptContract" executed="True" result="Success" success="True" time="0.000" asserts="0" />
                        <test-case name="Property31_ClickScriptContract" executed="True" result="Success" success="True" time="0.000" asserts="0" />
                        <test-case name="Property31_InputTextScriptContract" executed="True" result="Success" success="True" time="0.001" asserts="0" />
                        <test-case name="Property32_SelectorEventJSONIsSafe" executed="True" result="Success" success="True" time="0.000" asserts="0" />
                      </results>
                    </test-suite>
                    <test-suite type="Fixture" name="TCacheFIFOPropertyTests" executed="True" result="Success" success="True" time="0.004" >
                      <results>
                        <test-case name="Property25_FIFONoDuplicatesAndCorrectOrder" executed="True" result="Success" success="True" time="0.003" asserts="0" />
                      </results>
                    </test-suite>
                    <test-suite type="Namespace" name="Commerce" executed="true" result="Success" success="True" time="0.003" asserts="0" >
                      <results>
                          <test-suite type="Fixture" name="TCommerceAdapterPropertyTests" executed="True" result="Success" success="True" time="0.001" >
                            <results>
                              <test-case name="Property21_AdapterJsonNilSafe" executed="True" result="Success" success="True" time="0.000" asserts="0" />
                            </results>
                          </test-suite>
                          <test-suite type="Fixture" name="TCommerceEnumPropertyTests" executed="True" result="Success" success="True" time="0.003" >
                            <results>
                              <test-case name="Property22_OrderStatusRoundTrip" executed="True" result="Success" success="True" time="0.001" asserts="0" />
                              <test-case name="Property22_PaymentStatusRoundTrip" executed="True" result="Success" success="True" time="0.000" asserts="0" />
                              <test-case name="Property22_PaymentProviderRoundTrip" executed="True" result="Success" success="True" time="0.002" asserts="0" />
                            </results>
                          </test-suite>
                      </results>
                    </test-suite>
                    <test-suite type="Fixture" name="TCryptoPropertyTests" executed="True" result="Failure" success="False" time="146.629" >
                      <results>
                        <test-case name="Property7_EncryptIsNonDeterministic" executed="True" result="Success" success="True" time="100.175" asserts="0" />
                        <test-case name="Property8_EncryptDecryptRoundTrip" executed="True" result="Success" success="True" time="45.745" asserts="0" />
                        <test-case name="Property9_RandomIntNoModuloBias" executed="True" result="Failure" success="False" time="0.009" asserts="0" >
                          <failure>
                            <message>
                              <![CDATA[ Condition is False when True expected. [Range 100 bucket 55 count=73 expected~100.0 deviation=27.0 exceeds tolerance 25.0 (modulo bias?)] ]]>
                            </message>
                            <stack-trace>
                              <![CDATA[  ]]>
                            </stack-trace>
                          </failure>
                        </test-case>
                        <test-case name="Property10_DERParserLengthSafe" executed="True" result="Success" success="True" time="0.000" asserts="0" />
                        <test-case name="Property11_VerifyPasswordFormatValidation" executed="True" result="Success" success="True" time="0.699" asserts="0" />
                      </results>
                    </test-suite>
                    <test-suite type="Fixture" name="TEncodingFixPropertyTests" executed="True" result="Success" success="True" time="0.000" >
                      <results>
                        <test-case name="Property17_RandomUnicode_RoundTripsThroughUTF8" executed="True" result="Success" success="True" time="0.000" asserts="0" />
                        <test-case name="Property17_KnownMojibake_IsDetected" executed="True" result="Success" success="True" time="0.001" asserts="0" />
                        <test-case name="Property17_KnownCleanStrings_AreNotFlagged" executed="True" result="Success" success="True" time="0.000" asserts="0" />
                      </results>
                    </test-suite>
                    <test-suite type="Fixture" name="TEventBusSingletonPropertyTests" executed="True" result="Success" success="True" time="0.020" >
                      <results>
                        <test-case name="Property4_ConcurrentSingletonAccessReturnsSameInstance" executed="True" result="Success" success="True" time="0.020" asserts="0" />
                      </results>
                    </test-suite>
                    <test-suite type="Fixture" name="TGraphPropertyTests" executed="True" result="Success" success="True" time="0.003" >
                      <results>
                        <test-case name="Property15_DijkstraRejectsNegativeWeights" executed="True" result="Success" success="True" time="0.001" asserts="0" />
                        <test-case name="Property15_DijkstraAcceptsNonNegativeWeights" executed="True" result="Success" success="True" time="0.001" asserts="0" />
                        <test-case name="Property16_NeighborsReturnsIndependentSnapshot" executed="True" result="Success" success="True" time="0.001" asserts="0" />
                      </results>
                    </test-suite>
                    <test-suite type="Namespace" name="IntentClarification" executed="true" result="Success" success="True" time="0.002" asserts="0" >
                      <results>
                          <test-suite type="Namespace" name="PBT" executed="true" result="Success" success="True" time="0.002" asserts="0" >
                            <results>
                                <test-suite type="Fixture" name="TICEnginePropertyTests" executed="True" result="Success" success="True" time="0.002" >
                                  <results>
                                    <test-case name="Property6_StartSessionFieldConsumption" executed="True" result="Success" success="True" time="0.001" asserts="0" />
                                  </results>
                                </test-suite>
                                <test-suite type="Fixture" name="TICProviderIsolationPropertyTests" executed="True" result="Success" success="True" time="0.000" >
                                  <results>
                                    <test-case name="Property8_L2_DeniedHypothesesIsolatedAcrossSessions" executed="True" result="Success" success="True" time="0.000" asserts="0" />
                                    <test-case name="Property8_L3_ExpertSelectionIsolatedAcrossSessions" executed="True" result="Success" success="True" time="0.002" asserts="0" />
                                  </results>
                                </test-suite>
                            </results>
                          </test-suite>
                          <test-suite type="Fixture" name="TSignalDetectorPropertyTests" executed="True" result="Success" success="True" time="0.000" >
                            <results>
                              <test-case name="Property42_PosExAndCopyAgree" executed="True" result="Success" success="True" time="0.000" asserts="0" />
                            </results>
                          </test-suite>
                      </results>
                    </test-suite>
                    <test-suite type="Fixture" name="TLLMSchemaPropertyTests" executed="True" result="Success" success="True" time="0.672" >
                      <results>
                        <test-case name="Property1_AllCanonicalLLMTablesExist" executed="True" result="Success" success="True" time="0.562" asserts="0" />
                        <test-case name="Property2_LLMCallsHasCanonicalFieldSet" executed="True" result="Success" success="True" time="0.110" asserts="0" />
                      </results>
                    </test-suite>
                    <test-suite type="Fixture" name="TCircuitBreakerPropertyTests" executed="True" result="Success" success="True" time="2.329" >
                      <results>
                        <test-case name="Property3_StateTransitionsAreValid" executed="True" result="Success" success="True" time="2.329" asserts="0" />
                      </results>
                    </test-suite>
                    <test-suite type="Fixture" name="TSQLSecurityPropertyTests" executed="True" result="Success" success="True" time="0.003" >
                      <results>
                        <test-case name="Property17_SqlIdentifierValidation" executed="True" result="Success" success="True" time="0.001" asserts="0" />
                        <test-case name="Property18_SQLLoggerFormatExtraJsonValid" executed="True" result="Success" success="True" time="0.001" asserts="0" />
                        <test-case name="Property19_GuardianCheckpointWhitelist" executed="True" result="Success" success="True" time="0.001" asserts="0" />
                      </results>
                    </test-suite>
                    <test-suite type="Fixture" name="TSecretStoreTests" executed="True" result="Success" success="True" time="0.193" >
                      <results>
                        <test-case name="Test_PlatformStore_IsAvailable" executed="True" result="Success" success="True" time="0.000" asserts="0" />
                        <test-case name="Test_PutThenTryGet_RoundTrip" executed="True" result="Success" success="True" time="0.036" asserts="0" />
                        <test-case name="Test_TryGet_MissingKey_ReturnsFalse" executed="True" result="Success" success="True" time="0.031" asserts="0" />
                        <test-case name="Test_Delete_Removes_Entry" executed="True" result="Success" success="True" time="0.059" asserts="0" />
                        <test-case name="Test_Put_Overwrites_ExistingValue" executed="True" result="Success" success="True" time="0.066" asserts="0" />
                        <test-case name="Test_ESecretStoreUnavailable_TypeVisible" executed="True" result="Success" success="True" time="0.000" asserts="0" />
                      </results>
                    </test-suite>
                    <test-suite type="Fixture" name="TSpeechAutoStopPropertyTests" executed="True" result="Success" success="True" time="0.002" >
                      <results>
                        <test-case name="Property41_IncrementalEquivalentToFull" executed="True" result="Success" success="True" time="0.001" asserts="0" />
                      </results>
                    </test-suite>
                    <test-suite type="Fixture" name="TStateMachinePropertyTests" executed="True" result="Success" success="True" time="0.008" >
                      <results>
                        <test-case name="Property1_ReentrantLockNoDeadlock" executed="True" result="Success" success="True" time="0.000" asserts="0" />
                        <test-case name="Property2_CycleDetectionTerminates" executed="True" result="Success" success="True" time="0.007" asserts="0" />
                      </results>
                    </test-suite>
                    <test-suite type="Namespace" name="DeepShell" executed="true" result="Success" success="True" time="0.001" asserts="0" >
                      <results>
                          <test-suite type="Fixture" name="TCommandStatePropertyTests" executed="True" result="Success" success="True" time="0.001" >
                            <results>
                              <test-case name="Property21_UpdateCommandStatePublishesEvent" executed="True" result="Success" success="True" time="0.000" asserts="0" />
                              <test-case name="Property22_MenuItemReflectsStateOnEvent" executed="True" result="Success" success="True" time="0.000" asserts="0" />
                            </results>
                          </test-suite>
                          <test-suite type="Fixture" name="TSettingsErrorRoutingPropertyTests" executed="True" result="Success" success="True" time="0.001" >
                            <results>
                              <test-case name="Property20_ErrorRoutedThroughNotificationWhenInjected" executed="True" result="Success" success="True" time="0.000" asserts="0" />
                              <test-case name="Property20_ErrorRoutedToEventBusWhenNoNotification" executed="True" result="Success" success="True" time="0.000" asserts="0" />
                              <test-case name="Property20_NoRouteWhenNeitherProvided" executed="True" result="Success" success="True" time="0.000" asserts="0" />
                            </results>
                          </test-suite>
                      </results>
                    </test-suite>
                </results>
              </test-suite>
          </results>
        </test-suite>
    </results>
  </test-suite>
</test-results>
