<?xml version="1.0" encoding="UTF-8" standalone="yes" ?>
<test-results name="D:\_Progs\02Business\DeepBase\Tests\DeepBaseTests.exe" total="32" errors="0" failures="0" ignored="0" inconclusive="0" not-run="0" skipped="0" invalid="0" date="2026-06-10" time="09:23:11">
  <culture-info current-culture="en" current-uiculture="en" />
  <test-suite type="Assembly" name="DeepBaseTests.exe" executed="true" result="Success" success="True" time="09:23:11" asserts="0">
    <results>
        <test-suite type="Namespace" name="Test" executed="true" result="Success" success="True" time="0.051" asserts="0" >
          <results>
              <test-suite type="Namespace" name="Hotkeys" executed="true" result="Success" success="True" time="0.051" asserts="0" >
                <results>
                    <test-suite type="Fixture" name="TTestDeepBaseGlobalHotkeys" executed="True" result="Success" success="True" time="0.000" >
                      <results>
                        <test-case name="Test_Register_Unregister_Basic" executed="True" result="Success" success="True" time="0.000" asserts="0" />
                        <test-case name="Test_Register_DuplicateId_IsRejected" executed="True" result="Success" success="True" time="0.000" asserts="0" />
                        <test-case name="Test_Register_InvalidShortcut_IsRejected" executed="True" result="Success" success="True" time="0.000" asserts="0" />
                        <test-case name="Test_Register_PlatformFailure_IsHandled" executed="True" result="Success" success="True" time="0.000" asserts="0" />
                        <test-case name="Test_DispatchMessage_WMHotKey" executed="True" result="Success" success="True" time="0.000" asserts="0" />
                        <test-case name="Test_UnregisterAll_ClearsRegistrations" executed="True" result="Success" success="True" time="0.000" asserts="0" />
                      </results>
                    </test-suite>
                    <test-suite type="Fixture" name="TTestDeepBaseHotkeyExchange" executed="True" result="Success" success="True" time="0.000" >
                      <results>
                        <test-case name="Test_ExportImportJson_RoundTrip" executed="True" result="Success" success="True" time="0.000" asserts="0" />
                        <test-case name="Test_ImportFromJson_ConflictPolicy" executed="True" result="Success" success="True" time="0.000" asserts="0" />
                      </results>
                    </test-suite>
                    <test-suite type="Fixture" name="TTestDeepBaseHotkeys" executed="True" result="Success" success="True" time="0.050" >
                      <results>
                        <test-case name="Test_SetGetHotkey_Basic" executed="True" result="Success" success="True" time="0.000" asserts="0" />
                        <test-case name="Test_GetHotkey_NotExists_ReturnsZero" executed="True" result="Success" success="True" time="0.000" asserts="0" />
                        <test-case name="Test_SetHotkey_OverwritesExisting" executed="True" result="Success" success="True" time="0.000" asserts="0" />
                        <test-case name="Test_RegisterDefaultHotkeys" executed="True" result="Success" success="True" time="0.000" asserts="0" />
                        <test-case name="Test_ResetHotkey_ToDefault" executed="True" result="Success" success="True" time="0.002" asserts="0" />
                        <test-case name="Test_ResetAllHotkeys" executed="True" result="Success" success="True" time="0.000" asserts="0" />
                        <test-case name="Test_CheckHotkeyConflict_NoConflict" executed="True" result="Success" success="True" time="0.000" asserts="0" />
                        <test-case name="Test_CheckHotkeyConflict_HasConflict" executed="True" result="Success" success="True" time="0.000" asserts="0" />
                        <test-case name="Test_GetAllHotkeys" executed="True" result="Success" success="True" time="0.001" asserts="0" />
                        <test-case name="Test_DeleteHotkey" executed="True" result="Success" success="True" time="0.001" asserts="0" />
                        <test-case name="Test_HotkeyToText" executed="True" result="Success" success="True" time="0.001" asserts="0" />
                        <test-case name="Test_TextToHotkey" executed="True" result="Success" success="True" time="0.002" asserts="0" />
                        <test-case name="Test_OnHotkeyChanged_Event" executed="True" result="Success" success="True" time="0.000" asserts="0" />
                        <test-case name="Test_Scope_Default_IsApplication" executed="True" result="Success" success="True" time="0.001" asserts="0" />
                        <test-case name="Test_CheckHotkeyConflictInScope_DifferentScopes_NoConflict" executed="True" result="Success" success="True" time="0.000" asserts="0" />
                        <test-case name="Test_CheckHotkeyConflictInScope_SameScope_HasConflict" executed="True" result="Success" success="True" time="0.000" asserts="0" />
                        <test-case name="Test_TriggerShortcut_ExecutesBoundActionByScope" executed="True" result="Success" success="True" time="0.000" asserts="0" />
                        <test-case name="Test_TriggerShortcut_WithoutBinding_ReturnsFalse" executed="True" result="Success" success="True" time="0.000" asserts="0" />
                        <test-case name="Test_StorageInjection_BasicLifecycle" executed="True" result="Success" success="True" time="0.000" asserts="0" />
                      </results>
                    </test-suite>
                    <test-suite type="Fixture" name="TTestDeepBaseVCLHotkeyBinder" executed="True" result="Success" success="True" time="0.000" >
                      <results>
                        <test-case name="Test_BindAction_AppliesShortcut_AndTriggersExecute" executed="True" result="Success" success="True" time="0.000" asserts="0" />
                        <test-case name="Test_BindMenuItem_AppliesShortcut_AndTriggersClick" executed="True" result="Success" success="True" time="0.000" asserts="0" />
                        <test-case name="Test_HandleKeyDown_RespectsScope" executed="True" result="Success" success="True" time="0.000" asserts="0" />
                        <test-case name="Test_Unbind_DisablesBoundTrigger" executed="True" result="Success" success="True" time="0.000" asserts="0" />
                        <test-case name="Test_HookHotkeyChanges_UpdatesControlShortcut" executed="True" result="Success" success="True" time="0.000" asserts="0" />
                      </results>
                    </test-suite>
                </results>
              </test-suite>
          </results>
        </test-suite>
    </results>
  </test-suite>
</test-results>
